Using pre-set license
Desktop is 3840 x 1080 @ 60 Hz

 COMMAND LINE ARGUMENTS:
Unity
-adb2
-batchMode
-noUpm
-name
AssetImportWorker0
-projectPath
/home/rogizord/unityProjects/githubProj/block-breaker/BlockBreaker
-logFile
Logs/AssetImportWorker0.log
-srvPort
37359
Successfully changed project path to: /home/rogizord/unityProjects/githubProj/block-breaker/BlockBreaker
/home/rogizord/unityProjects/githubProj/block-breaker/BlockBreaker
Using Asset Import Pipeline V2.
Unable to load player prefs
Refreshing native plugins compatible for Editor in 50,97 ms, found 1 plugins.
Preloading 0 native plugins for Editor in 0,00 ms.
Initialize engine version: 2020.3.13f1 (71691879b7f5)
[Subsystems] Discovering subsystems at path /home/rogizord/Unity/Hub/Editor/2020.3.13f1/Editor/Data/Resources/UnitySubsystems
[Subsystems] Discovering subsystems at path /home/rogizord/unityProjects/githubProj/block-breaker/BlockBreaker/Assets
GLX Extensions: GLX_ARB_create_context GLX_ARB_create_context_no_error GLX_ARB_create_context_profile GLX_ARB_create_context_robustness GLX_ARB_fbconfig_float GLX_ARB_framebuffer_sRGB GLX_ARB_get_proc_address GLX_ARB_multisample GLX_EXT_buffer_age GLX_EXT_create_context_es2_profile GLX_EXT_create_context_es_profile GLX_EXT_fbconfig_packed_float GLX_EXT_framebuffer_sRGB GLX_EXT_import_context GLX_EXT_texture_from_pixmap GLX_EXT_visual_info GLX_EXT_visual_rating GLX_INTEL_swap_event GLX_MESA_copy_sub_buffer GLX_MESA_query_renderer GLX_MESA_swap_control GLX_OML_swap_method GLX_OML_sync_control GLX_SGIS_multisample GLX_SGIX_fbconfig GLX_SGIX_pbuffer GLX_SGIX_visual_select_group GLX_SGI_make_current_read GLX_SGI_swap_control GLX_SGI_video_sync 
Renderer: AMD Radeon (TM) RX 460 Graphics (POLARIS11, DRM 3.35.0, 5.4.0-80-generic, LLVM 11.0.0)
Vendor:   X.Org
Version:  4.6 (Core Profile) Mesa 20.2.6
GLES:     0
 GL_AMD_conservative_depth GL_AMD_depth_clamp_separate GL_AMD_draw_buffers_blend GL_AMD_framebuffer_multisample_advanced GL_AMD_gpu_shader_int64 GL_AMD_multi_draw_indirect GL_AMD_performance_monitor GL_AMD_pinned_memory GL_AMD_query_buffer_object GL_AMD_seamless_cubemap_per_texture GL_AMD_shader_stencil_export GL_AMD_shader_trinary_minmax GL_AMD_texture_texture4 GL_AMD_vertex_shader_layer GL_AMD_vertex_shader_viewport_index GL_ANGLE_texture_compression_dxt3 GL_ANGLE_texture_compression_dxt5 GL_ARB_ES2_compatibility GL_ARB_ES3_1_compatibility GL_ARB_ES3_2_compatibility GL_ARB_ES3_compatibility GL_ARB_arrays_of_arrays GL_ARB_base_instance GL_ARB_bindless_texture GL_ARB_blend_func_extended GL_ARB_buffer_storage GL_ARB_clear_buffer_object GL_ARB_clear_texture GL_ARB_clip_control GL_ARB_color_buffer_float GL_ARB_compressed_texture_pixel_storage GL_ARB_compute_shader GL_ARB_compute_variable_group_size GL_ARB_conditional_render_inverted GL_ARB_conservative_depth GL_ARB_copy_buffer GL_ARB_copy_image GL_ARB_cull_dist
ance GL_ARB_debug_output GL_ARB_depth_buffer_float GL_ARB_depth_clamp GL_ARB_derivative_control GL_ARB_direct_state_access GL_ARB_draw_buffers GL_ARB_draw_buffers_blend GL_ARB_draw_elements_base_vertex GL_ARB_draw_indirect GL_ARB_draw_instanced GL_ARB_enhanced_layouts GL_ARB_explicit_attrib_location GL_ARB_explicit_uniform_location GL_ARB_fragment_coord_conventions GL_ARB_fragment_layer_viewport GL_ARB_fragment_shader GL_ARB_framebuffer_no_attachments GL_ARB_framebuffer_object GL_ARB_framebuffer_sRGB GL_ARB_get_program_binary GL_ARB_get_texture_sub_image GL_ARB_gl_spirv GL_ARB_gpu_shader5 GL_ARB_gpu_shader_fp64 GL_ARB_gpu_shader_int64 GL_ARB_half_float_pixel GL_ARB_half_float_vertex GL_ARB_indirect_parameters GL_ARB_instanced_arrays GL_ARB_internalformat_query GL_ARB_internalformat_query2 GL_ARB_invalidate_subdata GL_ARB_map_buffer_alignment GL_ARB_map_buffer_range GL_ARB_multi_bind GL_ARB_multi_draw_indirect GL_ARB_occlusion_query2 GL_ARB_parallel_shader_compile GL_ARB_pipeline_statistics_query GL_ARB_pixel
_buffer_object GL_ARB_point_sprite GL_ARB_polygon_offset_clamp GL_ARB_program_interface_query GL_ARB_provoking_vertex GL_ARB_query_buffer_object GL_ARB_robust_buffer_access_behavior GL_ARB_robustness GL_ARB_sample_shading GL_ARB_sampler_objects GL_ARB_seamless_cube_map GL_ARB_seamless_cubemap_per_texture GL_ARB_separate_shader_objects GL_ARB_shader_atomic_counter_ops GL_ARB_shader_atomic_counters GL_ARB_shader_ballot GL_ARB_shader_bit_encoding GL_ARB_shader_clock GL_ARB_shader_draw_parameters GL_ARB_shader_group_vote GL_ARB_shader_image_load_store GL_ARB_shader_image_size GL_ARB_shader_objects GL_ARB_shader_precision GL_ARB_shader_stencil_export GL_ARB_shader_storage_buffer_object GL_ARB_shader_subroutine GL_ARB_shader_texture_image_samples GL_ARB_shader_texture_lod GL_ARB_shader_viewport_layer_array GL_ARB_shading_language_420pack GL_ARB_shading_language_include GL_ARB_shading_language_packing GL_ARB_sparse_buffer GL_ARB_spirv_extensions GL_ARB_stencil_texturing GL_ARB_sync GL_ARB_tessellation_shader GL_ARB
_texture_barrier GL_ARB_texture_buffer_object GL_ARB_texture_buffer_object_rgb32 GL_ARB_texture_buffer_range GL_ARB_texture_compression_bptc GL_ARB_texture_compression_rgtc GL_ARB_texture_cube_map_array GL_ARB_texture_filter_anisotropic GL_ARB_texture_float GL_ARB_texture_gather GL_ARB_texture_mirror_clamp_to_edge GL_ARB_texture_multisample GL_ARB_texture_non_power_of_two GL_ARB_texture_query_levels GL_ARB_texture_query_lod GL_ARB_texture_rectangle GL_ARB_texture_rg GL_ARB_texture_rgb10_a2ui GL_ARB_texture_stencil8 GL_ARB_texture_storage GL_ARB_texture_storage_multisample GL_ARB_texture_swizzle GL_ARB_texture_view GL_ARB_timer_query GL_ARB_transform_feedback2 GL_ARB_transform_feedback3 GL_ARB_transform_feedback_instanced GL_ARB_transform_feedback_overflow_query GL_ARB_uniform_buffer_object GL_ARB_vertex_array_bgra GL_ARB_vertex_array_object GL_ARB_vertex_attrib_64bit GL_ARB_vertex_attrib_binding GL_ARB_vertex_buffer_object GL_ARB_vertex_shader GL_ARB_vertex_type_10f_11f_11f_rev GL_ARB_vertex_type_2_10_10_10_
rev GL_ARB_viewport_array GL_ATI_blend_equation_separate GL_ATI_meminfo GL_ATI_texture_float GL_ATI_texture_mirror_once GL_EXT_EGL_image_storage GL_EXT_EGL_sync GL_EXT_abgr GL_EXT_blend_equation_separate GL_EXT_depth_bounds_test GL_EXT_draw_buffers2 GL_EXT_draw_instanced GL_EXT_framebuffer_blit GL_EXT_framebuffer_multisample GL_EXT_framebuffer_multisample_blit_scaled GL_EXT_framebuffer_object GL_EXT_framebuffer_sRGB GL_EXT_memory_object GL_EXT_memory_object_fd GL_EXT_packed_depth_stencil GL_EXT_packed_float GL_EXT_pixel_buffer_object GL_EXT_polygon_offset_clamp GL_EXT_provoking_vertex GL_EXT_semaphore GL_EXT_semaphore_fd GL_EXT_shader_image_load_formatted GL_EXT_shader_image_load_store GL_EXT_shader_integer_mix GL_EXT_shader_samples_identical GL_EXT_texture_array GL_EXT_texture_compression_dxt1 GL_EXT_texture_compression_rgtc GL_EXT_texture_compression_s3tc GL_EXT_texture_filter_anisotropic GL_EXT_texture_integer GL_EXT_texture_mirror_clamp GL_EXT_texture_sRGB GL_EXT_texture_sRGB_R8 GL_EXT_texture_sRGB_decod
e GL_EXT_texture_shadow_lod GL_EXT_texture_shared_exponent GL_EXT_texture_snorm GL_EXT_texture_swizzle GL_EXT_timer_query GL_EXT_transform_feedback GL_EXT_vertex_array_bgra GL_EXT_vertex_attrib_64bit GL_EXT_window_rectangles GL_IBM_multimode_draw_arrays GL_KHR_blend_equation_advanced GL_KHR_context_flush_control GL_KHR_debug GL_KHR_no_error GL_KHR_parallel_shader_compile GL_KHR_robust_buffer_access_behavior GL_KHR_robustness GL_KHR_texture_compression_astc_ldr GL_KHR_texture_compression_astc_sliced_3d GL_MESA_framebuffer_flip_y GL_MESA_pack_invert GL_MESA_shader_integer_functions GL_MESA_texture_signed_rgba GL_NVX_gpu_memory_info GL_NV_alpha_to_coverage_dither_control GL_NV_conditional_render GL_NV_copy_image GL_NV_depth_clamp GL_NV_packed_depth_stencil GL_NV_texture_barrier GL_NV_vdpau_interop GL_OES_EGL_image GL_S3_s3tc
OPENGL LOG: Creating OpenGL 4.6 graphics device ; Context level  <OpenGL 4.5> ; Context handle -1318593632
Initialize mono
Mono path[0] = '/home/rogizord/Unity/Hub/Editor/2020.3.13f1/Editor/Data/Managed'
Mono path[1] = '/home/rogizord/Unity/Hub/Editor/2020.3.13f1/Editor/Data/MonoBleedingEdge/lib/mono/unityjit'
Mono config path = '/home/rogizord/Unity/Hub/Editor/2020.3.13f1/Editor/Data/MonoBleedingEdge/etc'
Using monoOptions --debugger-agent=transport=dt_socket,embedding=1,server=y,suspend=n,address=127.0.0.1:56387
Begin MonoManager ReloadAssembly
Registering precompiled unity dll's ...
Register platform support module: /home/rogizord/Unity/Hub/Editor/2020.3.13f1/Editor/Data/PlaybackEngines/LinuxStandaloneSupport/UnityEditor.LinuxStandalone.Extensions.dll
Registered in 0,001740 seconds.
Native extension for LinuxStandalone target not found
Refreshing native plugins compatible for Editor in 46,43 ms, found 1 plugins.
Preloading 0 native plugins for Editor in 0,00 ms.
Mono: successfully reloaded assembly
- Completed reload, in  1,903 seconds
Platform modules already initialized, skipping
Registering precompiled user dll's ...
Registered in 0,003710 seconds.
Begin MonoManager ReloadAssembly
Native extension for LinuxStandalone target not found
Refreshing native plugins compatible for Editor in 47,02 ms, found 1 plugins.
Preloading 0 native plugins for Editor in 0,00 ms.
Mono: successfully reloaded assembly
- Completed reload, in  1,280 seconds
Platform modules already initialized, skipping
========================================================================
Worker process is ready to serve import requests
Launched and connected shader compiler UnityShaderCompiler after 0.01 seconds
Refreshing native plugins compatible for Editor in 0,49 ms, found 1 plugins.
Preloading 0 native plugins for Editor in 0,00 ms.
Unloading 2085 Unused Serialized files (Serialized files now loaded: 0)
System memory in use before: 87,3 MB.
System memory in use after: 87,2 MB.

Unloading 33 unused Assets to reduce memory usage. Loaded Objects now: 2518.
Total: 9,785521 ms (FindLiveObjects: 0,223078 ms CreateObjectMapping: 0,099844 ms MarkObjects: 8,844016 ms  DeleteObjects: 0,616453 ms)

AssetImportParameters requested are different than current active one (requested -> active):
  custom:video-decoder-ogg-theora: a1e56fd34408186e4bbccfd4996cb3dc -> 
  custom:container-muxer-webm: aa71ff27fc2769a1b78a27578f13a17b -> 
  custom:container-demuxer-webm: 4f35f7cbe854078d1ac9338744f61a02 -> 
  custom:container-demuxer-ogg: 62fdf1f143b41e24485cea50d1cbac27 -> 
  custom:video-encoder-webm-vp8: eb34c28f22e8b96e1ab97ce403110664 -> 
  custom:video-decoder-webm-vp8: 9c59270c3fd7afecdb556c50c9e8de78 -> 
  custom:audio-decoder-ogg-vorbis: bf7c407c2cedff20999df2af8eb42d56 -> 
  custom:audio-encoder-webm-vorbis: bf7c407c2cedff20999df2af8eb42d56 -> 
========================================================================
Received Import Request.
  path: Assets/Scenes
  artifactKey: Guid(81b21feaf3af3f41aaf1cf08f1c63ae4) Importer(815301076,1909f56bfc062723c751e8b465ee728b)
Start importing Assets/Scenes using Guid(81b21feaf3af3f41aaf1cf08f1c63ae4) Importer(815301076,1909f56bfc062723c751e8b465ee728b)  -> (artifact id: '29a0f6841f64c664f09392534aa61f5c') in 0,004304 seconds 
  Import took 0,009423 seconds .

========================================================================
Received Import Request.
  Time since last request: 4,994613 seconds.
  path: Assets/Scenes/StartMenu.unity
  artifactKey: Guid(7b4bcd47bc7fc579b9338af826e1f4bf) Importer(815301076,1909f56bfc062723c751e8b465ee728b)
Start importing Assets/Scenes/StartMenu.unity using Guid(7b4bcd47bc7fc579b9338af826e1f4bf) Importer(815301076,1909f56bfc062723c751e8b465ee728b)  -> (artifact id: '522aed7c92a98e6982e490085febed73') in 0,013943 seconds 
  Import took 0,018025 seconds .

========================================================================
Received Import Request.
  Time since last request: 93,083280 seconds.
  path: Assets/Scenes/WinScreen.unity
  artifactKey: Guid(8a3f1e8155c1d5b9b94c97120769adea) Importer(815301076,1909f56bfc062723c751e8b465ee728b)
Start importing Assets/Scenes/WinScreen.unity using Guid(8a3f1e8155c1d5b9b94c97120769adea) Importer(815301076,1909f56bfc062723c751e8b465ee728b)  -> (artifact id: 'ff053e5c26adaad7eeabe87f36907b11') in 0,001180 seconds 
  Import took 0,005043 seconds .

========================================================================
Received Import Request.
  Time since last request: 2,359409 seconds.
  path: Assets/Scenes/StartMenu.unity
  artifactKey: Guid(7b4bcd47bc7fc579b9338af826e1f4bf) Importer(815301076,1909f56bfc062723c751e8b465ee728b)
Start importing Assets/Scenes/StartMenu.unity using Guid(7b4bcd47bc7fc579b9338af826e1f4bf) Importer(815301076,1909f56bfc062723c751e8b465ee728b)  -> (artifact id: 'ef5329d0209031bd6d389f4f8e15bb52') in 0,001105 seconds 
  Import took 0,004804 seconds .

========================================================================
Received Import Request.
  Time since last request: 171,831649 seconds.
  path: Assets/Scenes/SampleScene.unity
  artifactKey: Guid(2cda990e2423bbf4892e6590ba056729) Importer(815301076,1909f56bfc062723c751e8b465ee728b)
Start importing Assets/Scenes/SampleScene.unity using Guid(2cda990e2423bbf4892e6590ba056729) Importer(815301076,1909f56bfc062723c751e8b465ee728b)  -> (artifact id: 'aa27944bdea339c97c39027c7eea529c') in 0,001253 seconds 
  Import took 0,005166 seconds .

========================================================================
Received Prepare
Registering precompiled user dll's ...
Registered in 0,002992 seconds.
Begin MonoManager ReloadAssembly
Native extension for LinuxStandalone target not found
Refreshing native plugins compatible for Editor in 0,46 ms, found 1 plugins.
Preloading 0 native plugins for Editor in 0,00 ms.
Mono: successfully reloaded assembly
- Completed reload, in  1,183 seconds
Platform modules already initialized, skipping
Refreshing native plugins compatible for Editor in 0,44 ms, found 1 plugins.
Preloading 0 native plugins for Editor in 0,00 ms.
Unloading 2093 Unused Serialized files (Serialized files now loaded: 0)
System memory in use before: 89,1 MB.
System memory in use after: 88,5 MB.

Unloading 34 unused Assets to reduce memory usage. Loaded Objects now: 2522.
Total: 3,863530 ms (FindLiveObjects: 0,217191 ms CreateObjectMapping: 0,079375 ms MarkObjects: 3,136121 ms  DeleteObjects: 0,429023 ms)

AssetImportParameters requested are different than current active one (requested -> active):
  custom:video-decoder-ogg-theora: a1e56fd34408186e4bbccfd4996cb3dc -> 
  custom:container-muxer-webm: aa71ff27fc2769a1b78a27578f13a17b -> 
  custom:container-demuxer-webm: 4f35f7cbe854078d1ac9338744f61a02 -> 
  custom:container-demuxer-ogg: 62fdf1f143b41e24485cea50d1cbac27 -> 
  custom:video-encoder-webm-vp8: eb34c28f22e8b96e1ab97ce403110664 -> 
  custom:video-decoder-webm-vp8: 9c59270c3fd7afecdb556c50c9e8de78 -> 
  custom:audio-decoder-ogg-vorbis: bf7c407c2cedff20999df2af8eb42d56 -> 
  custom:audio-encoder-webm-vorbis: bf7c407c2cedff20999df2af8eb42d56 -> 
========================================================================
Received Import Request.
  Time since last request: 57,783947 seconds.
  path: Assets/Scenes/CoreGame.unity
  artifactKey: Guid(c5d0af58adafe547ba4fabba40f12bf3) Importer(815301076,1909f56bfc062723c751e8b465ee728b)
Start importing Assets/Scenes/CoreGame.unity using Guid(c5d0af58adafe547ba4fabba40f12bf3) Importer(815301076,1909f56bfc062723c751e8b465ee728b)  -> (artifact id: '8e449557cbdb22697b5759726861afd0') in 0,012174 seconds 
  Import took 0,016245 seconds .

========================================================================
Received Import Request.
  Time since last request: 0,001839 seconds.
  path: Assets/Scenes/CoreGame.unity
  artifactKey: Guid(c5d0af58adafe547ba4fabba40f12bf3) Importer(815301076,1909f56bfc062723c751e8b465ee728b)
Start importing Assets/Scenes/CoreGame.unity using Guid(c5d0af58adafe547ba4fabba40f12bf3) Importer(815301076,1909f56bfc062723c751e8b465ee728b)  -> (artifact id: '8e449557cbdb22697b5759726861afd0') in 0,001255 seconds 
  Import took 0,005704 seconds .

========================================================================
Received Import Request.
  Time since last request: 5,554688 seconds.
  path: Assets/Scenes/Level 1.unity
  artifactKey: Guid(c5d0af58adafe547ba4fabba40f12bf3) Importer(815301076,1909f56bfc062723c751e8b465ee728b)
Start importing Assets/Scenes/Level 1.unity using Guid(c5d0af58adafe547ba4fabba40f12bf3) Importer(815301076,1909f56bfc062723c751e8b465ee728b)  -> (artifact id: '105003df7698e4171da91b3c0df6b28d') in 0,001085 seconds 
  Import took 0,005101 seconds .

========================================================================
Received Import Request.
  Time since last request: 27,880989 seconds.
  path: Assets/Scenes/gameOver.unity
  artifactKey: Guid(8a3f1e8155c1d5b9b94c97120769adea) Importer(815301076,1909f56bfc062723c751e8b465ee728b)
Start importing Assets/Scenes/gameOver.unity using Guid(8a3f1e8155c1d5b9b94c97120769adea) Importer(815301076,1909f56bfc062723c751e8b465ee728b)  -> (artifact id: '9556b8b5f4ee18e12451665dcc361f25') in 0,001096 seconds 
  Import took 0,005098 seconds .

========================================================================
Received Import Request.
  Time since last request: 6,187831 seconds.
  path: Assets/Scenes/GameOver.unity
  artifactKey: Guid(8a3f1e8155c1d5b9b94c97120769adea) Importer(815301076,1909f56bfc062723c751e8b465ee728b)
Start importing Assets/Scenes/GameOver.unity using Guid(8a3f1e8155c1d5b9b94c97120769adea) Importer(815301076,1909f56bfc062723c751e8b465ee728b)  -> (artifact id: 'd03ab3df6482f01373d5255157ed3943') in 0,001080 seconds 
  Import took 0,005420 seconds .

========================================================================
Received Import Request.
  Time since last request: 85,676416 seconds.
  path: Assets/Scenes/Level 1.unity
  artifactKey: Guid(c5d0af58adafe547ba4fabba40f12bf3) Importer(815301076,1909f56bfc062723c751e8b465ee728b)
Start importing Assets/Scenes/Level 1.unity using Guid(c5d0af58adafe547ba4fabba40f12bf3) Importer(815301076,1909f56bfc062723c751e8b465ee728b)  -> (artifact id: 'b611193442814cdba3914328770ed503') in 0,001334 seconds 
  Import took 0,005885 seconds .

========================================================================
Received Import Request.
  Time since last request: 0,683235 seconds.
  path: Assets/Scenes/StartMenu.unity
  artifactKey: Guid(7b4bcd47bc7fc579b9338af826e1f4bf) Importer(815301076,1909f56bfc062723c751e8b465ee728b)
Start importing Assets/Scenes/StartMenu.unity using Guid(7b4bcd47bc7fc579b9338af826e1f4bf) Importer(815301076,1909f56bfc062723c751e8b465ee728b)  -> (artifact id: '63764d86e275575585812db602ed41d5') in 0,001077 seconds 
  Import took 0,005154 seconds .

========================================================================
Received Import Request.
  Time since last request: 0,000603 seconds.
  path: Assets/Scenes/StartMenu.unity
  artifactKey: Guid(7b4bcd47bc7fc579b9338af826e1f4bf) Importer(815301076,1909f56bfc062723c751e8b465ee728b)
Start importing Assets/Scenes/StartMenu.unity using Guid(7b4bcd47bc7fc579b9338af826e1f4bf) Importer(815301076,1909f56bfc062723c751e8b465ee728b)  -> (artifact id: '63764d86e275575585812db602ed41d5') in 0,001070 seconds 
  Import took 0,004716 seconds .

========================================================================
Received Prepare
Registering precompiled user dll's ...
Registered in 0,003161 seconds.
Begin MonoManager ReloadAssembly
Native extension for LinuxStandalone target not found
Refreshing native plugins compatible for Editor in 0,47 ms, found 1 plugins.
Preloading 0 native plugins for Editor in 0,00 ms.
Mono: successfully reloaded assembly
- Completed reload, in  1,147 seconds
Platform modules already initialized, skipping
Refreshing native plugins compatible for Editor in 0,46 ms, found 1 plugins.
Preloading 0 native plugins for Editor in 0,00 ms.
Unloading 2093 Unused Serialized files (Serialized files now loaded: 0)
System memory in use before: 89,1 MB.
System memory in use after: 88,6 MB.

Unloading 34 unused Assets to reduce memory usage. Loaded Objects now: 2526.
Total: 4,151904 ms (FindLiveObjects: 0,253767 ms CreateObjectMapping: 0,155903 ms MarkObjects: 3,213919 ms  DeleteObjects: 0,526674 ms)

AssetImportParameters requested are different than current active one (requested -> active):
  custom:video-decoder-ogg-theora: a1e56fd34408186e4bbccfd4996cb3dc -> 
  custom:container-muxer-webm: aa71ff27fc2769a1b78a27578f13a17b -> 
  custom:container-demuxer-webm: 4f35f7cbe854078d1ac9338744f61a02 -> 
  custom:container-demuxer-ogg: 62fdf1f143b41e24485cea50d1cbac27 -> 
  custom:video-encoder-webm-vp8: eb34c28f22e8b96e1ab97ce403110664 -> 
  custom:video-decoder-webm-vp8: 9c59270c3fd7afecdb556c50c9e8de78 -> 
  custom:audio-decoder-ogg-vorbis: bf7c407c2cedff20999df2af8eb42d56 -> 
  custom:audio-encoder-webm-vorbis: bf7c407c2cedff20999df2af8eb42d56 -> 
========================================================================
Received Import Request.
  Time since last request: 23,446425 seconds.
  path: Assets/Scenes/GameOver.unity
  artifactKey: Guid(8a3f1e8155c1d5b9b94c97120769adea) Importer(815301076,1909f56bfc062723c751e8b465ee728b)
Start importing Assets/Scenes/GameOver.unity using Guid(8a3f1e8155c1d5b9b94c97120769adea) Importer(815301076,1909f56bfc062723c751e8b465ee728b)  -> (artifact id: '0a02accff39b20c5b1899db14afbc424') in 0,010655 seconds 
  Import took 0,014607 seconds .

========================================================================
Received Import Request.
  Time since last request: 117,702424 seconds.
  path: Assets
  artifactKey: Guid(00000000000000001000000000000000) Importer(815301076,1909f56bfc062723c751e8b465ee728b)
Start importing Assets using Guid(00000000000000001000000000000000) Importer(815301076,1909f56bfc062723c751e8b465ee728b)  -> (artifact id: '42d402b061de3733987d63b9cc3b64de') in 0,000831 seconds 
  Import took 0,004524 seconds .

========================================================================
Received Import Request.
  Time since last request: 5,082722 seconds.
  path: Assets/Sprites
  artifactKey: Guid(76df2a95355a5ee2499473e7fc7bdefd) Importer(815301076,1909f56bfc062723c751e8b465ee728b)
Start importing Assets/Sprites using Guid(76df2a95355a5ee2499473e7fc7bdefd) Importer(815301076,1909f56bfc062723c751e8b465ee728b)  -> (artifact id: 'ad0e4436a4a1819893284cca9a106ea6') in 0,001217 seconds 
  Import took 0,005165 seconds .

========================================================================
Received Import Request.
  Time since last request: 43,032970 seconds.
  path: Assets/Sprites/ball3.png
  artifactKey: Guid(07ec0f3a0652d4383b5966575252f1ad) Importer(815301076,1909f56bfc062723c751e8b465ee728b)
Start importing Assets/Sprites/ball3.png using Guid(07ec0f3a0652d4383b5966575252f1ad) Importer(815301076,1909f56bfc062723c751e8b465ee728b)  -> (artifact id: 'eec07d6ad364a5f261744c243fa6e467') in 0,073876 seconds 
  Import took 0,078269 seconds .

========================================================================
Received Import Request.
  Time since last request: 0,000227 seconds.
  path: Assets/Sprites/Block Square.png
  artifactKey: Guid(a00fb48f34c19685aa884ff2774f8f79) Importer(815301076,1909f56bfc062723c751e8b465ee728b)
Start importing Assets/Sprites/Block Square.png using Guid(a00fb48f34c19685aa884ff2774f8f79) Importer(815301076,1909f56bfc062723c751e8b465ee728b)  -> (artifact id: 'a5724b5d0b81e7168b2cbb2aa44ce172') in 0,008123 seconds 
  Import took 0,012049 seconds .

========================================================================
Received Import Request.
  Time since last request: 0,000278 seconds.
  path: Assets/Sprites/ball3.png
  artifactKey: Guid(07ec0f3a0652d4383b5966575252f1ad) Importer(815301076,1909f56bfc062723c751e8b465ee728b)
Start importing Assets/Sprites/ball3.png using Guid(07ec0f3a0652d4383b5966575252f1ad) Importer(815301076,1909f56bfc062723c751e8b465ee728b)  -> (artifact id: 'eec07d6ad364a5f261744c243fa6e467') in 0,009137 seconds 
  Import took 0,013988 seconds .

========================================================================
Received Import Request.
  Time since last request: 0,000217 seconds.
  path: Assets/Sprites/Block Broken 1.png
  artifactKey: Guid(853f9bffaefa53512bb6fb45d4a5aa77) Importer(815301076,1909f56bfc062723c751e8b465ee728b)
Start importing Assets/Sprites/Block Broken 1.png using Guid(853f9bffaefa53512bb6fb45d4a5aa77) Importer(815301076,1909f56bfc062723c751e8b465ee728b)  -> (artifact id: 'a6dd885ea6267881fb8319e959ecbf5a') in 0,006735 seconds 
  Import took 0,011168 seconds .

========================================================================
Received Import Request.
  Time since last request: 0,000232 seconds.
  path: Assets/Sprites/Block Broken 2.png
  artifactKey: Guid(3d449b74139fb4ff19df4005eadb9557) Importer(815301076,1909f56bfc062723c751e8b465ee728b)
Start importing Assets/Sprites/Block Broken 2.png using Guid(3d449b74139fb4ff19df4005eadb9557) Importer(815301076,1909f56bfc062723c751e8b465ee728b)  -> (artifact id: 'eeea99c54ddff050ca19dbe797c2d765') in 0,007920 seconds 
  Import took 0,012155 seconds .

========================================================================
Received Import Request.
  Time since last request: 0,000194 seconds.
  path: Assets/Sprites/Paddle.png
  artifactKey: Guid(1c6155f60eb81273b8bac57285a703f3) Importer(815301076,1909f56bfc062723c751e8b465ee728b)
Start importing Assets/Sprites/Paddle.png using Guid(1c6155f60eb81273b8bac57285a703f3) Importer(815301076,1909f56bfc062723c751e8b465ee728b)  -> (artifact id: '00a56ec46636cc121007ff84e1467e0a') in 0,005275 seconds 
  Import took 0,009589 seconds .

========================================================================
Received Import Request.
  Time since last request: 0,000163 seconds.
  path: Assets/Sprites/Blue Rocket Background.jpg
  artifactKey: Guid(22d849037740f00248b673ba9196c3bf) Importer(815301076,1909f56bfc062723c751e8b465ee728b)
Start importing Assets/Sprites/Blue Rocket Background.jpg using Guid(22d849037740f00248b673ba9196c3bf) Importer(815301076,1909f56bfc062723c751e8b465ee728b)  -> (artifact id: 'a40bc8be4f6203cd37779a1419f598c2') in 0,009818 seconds 
  Import took 0,014282 seconds .

========================================================================
Received Import Request.
  Time since last request: 300,368131 seconds.
  path: Assets/Scenes/GameOver.unity
  artifactKey: Guid(8a3f1e8155c1d5b9b94c97120769adea) Importer(815301076,1909f56bfc062723c751e8b465ee728b)
Start importing Assets/Scenes/GameOver.unity using Guid(8a3f1e8155c1d5b9b94c97120769adea) Importer(815301076,1909f56bfc062723c751e8b465ee728b)  -> (artifact id: '7a4b8bf80a670f9f51beb9d19ff55edb') in 0,001167 seconds 
  Import took 0,004942 seconds .

========================================================================
Received Import Request.
  Time since last request: 28,515637 seconds.
  path: Assets/Scenes/Level 1.unity
  artifactKey: Guid(c5d0af58adafe547ba4fabba40f12bf3) Importer(815301076,1909f56bfc062723c751e8b465ee728b)
Start importing Assets/Scenes/Level 1.unity using Guid(c5d0af58adafe547ba4fabba40f12bf3) Importer(815301076,1909f56bfc062723c751e8b465ee728b)  -> (artifact id: 'be075ff9f037aff7556e0abb77c3e161') in 0,001212 seconds 
  Import took 0,005571 seconds .

========================================================================
Received Import Request.
  Time since last request: 30,443898 seconds.
  path: Assets/Scripts
  artifactKey: Guid(7b037e101a91aaaae84bd5bd4ed3bcd8) Importer(815301076,1909f56bfc062723c751e8b465ee728b)
Start importing Assets/Scripts using Guid(7b037e101a91aaaae84bd5bd4ed3bcd8) Importer(815301076,1909f56bfc062723c751e8b465ee728b)  -> (artifact id: '6b5bac86d60dee15e0fba4f68f03f41f') in 0,000914 seconds 
  Import took 0,005383 seconds .

========================================================================
Received Import Request.
  Time since last request: 314,937444 seconds.
  path: Assets/TextMesh Pro/Fonts/LiberationSans.ttf
  artifactKey: Guid(e3265ab4bf004d28a9537516768c1c75) Importer(815301076,1909f56bfc062723c751e8b465ee728b)
Start importing Assets/TextMesh Pro/Fonts/LiberationSans.ttf using Guid(e3265ab4bf004d28a9537516768c1c75) Importer(815301076,1909f56bfc062723c751e8b465ee728b)  -> (artifact id: '3279aad821e81bd7f13ef3ac20b50e57') in 0,039685 seconds 
  Import took 0,044049 seconds .

========================================================================
Received Import Request.
  Time since last request: 0,000240 seconds.
  path: Assets/TextMesh Pro/Resources/Fonts & Materials/LiberationSans SDF - Outline.mat
  artifactKey: Guid(79459efec17a4d00a321bdcc27bbc385) Importer(815301076,1909f56bfc062723c751e8b465ee728b)
Start importing Assets/TextMesh Pro/Resources/Fonts & Materials/LiberationSans SDF - Outline.mat using Guid(79459efec17a4d00a321bdcc27bbc385) Importer(815301076,1909f56bfc062723c751e8b465ee728b)  -> (artifact id: '289988fcecf3b00d1602f8d2b589f7dd') in 0,077739 seconds 
  Import took 0,081811 seconds .

========================================================================
Received Import Request.
  Time since last request: 0,000197 seconds.
  path: Assets/TextMesh Pro/Resources/Fonts & Materials/LiberationSans SDF - Fallback.asset
  artifactKey: Guid(2e498d1c8094910479dc3e1b768306a4) Importer(815301076,1909f56bfc062723c751e8b465ee728b)
Start importing Assets/TextMesh Pro/Resources/Fonts & Materials/LiberationSans SDF - Fallback.asset using Guid(2e498d1c8094910479dc3e1b768306a4) Importer(815301076,1909f56bfc062723c751e8b465ee728b)  -> (artifact id: 'b8c2210586957436df79bf961aeff06e') in 0,026627 seconds 
  Import took 0,030960 seconds .

========================================================================
Received Import Request.
  Time since last request: 0,000201 seconds.
  path: Assets/TextMesh Pro/Resources/Fonts & Materials/LiberationSans SDF - Drop Shadow.mat
  artifactKey: Guid(e73a58f6e2794ae7b1b7e50b7fb811b0) Importer(815301076,1909f56bfc062723c751e8b465ee728b)
Start importing Assets/TextMesh Pro/Resources/Fonts & Materials/LiberationSans SDF - Drop Shadow.mat using Guid(e73a58f6e2794ae7b1b7e50b7fb811b0) Importer(815301076,1909f56bfc062723c751e8b465ee728b)  -> (artifact id: 'ca0d2861f60500f05bd29199894f7bb5') in 0,080689 seconds 
  Import took 0,084555 seconds .

========================================================================
Received Import Request.
  Time since last request: 0,000225 seconds.
  path: Assets/TextMesh Pro/Resources/Fonts & Materials/LiberationSans SDF.asset
  artifactKey: Guid(8f586378b4e144a9851e7b34d9b748ee) Importer(815301076,1909f56bfc062723c751e8b465ee728b)
Start importing Assets/TextMesh Pro/Resources/Fonts & Materials/LiberationSans SDF.asset using Guid(8f586378b4e144a9851e7b34d9b748ee) Importer(815301076,1909f56bfc062723c751e8b465ee728b)  -> (artifact id: 'f1280cc7be10b532b2897fc8654f95d3') in 0,026306 seconds 
  Import took 0,030351 seconds .

========================================================================
Received Import Request.
  Time since last request: 58,265309 seconds.
  path: Assets/Scenes/GameOver.unity
  artifactKey: Guid(8a3f1e8155c1d5b9b94c97120769adea) Importer(815301076,1909f56bfc062723c751e8b465ee728b)
Start importing Assets/Scenes/GameOver.unity using Guid(8a3f1e8155c1d5b9b94c97120769adea) Importer(815301076,1909f56bfc062723c751e8b465ee728b)  -> (artifact id: '04a523afedd1620c2150a0977dc3cccf') in 0,001144 seconds 
  Import took 0,004894 seconds .

========================================================================
Received Import Request.
  Time since last request: 18,292317 seconds.
  path: Assets/Scenes/Level 1.unity
  artifactKey: Guid(c5d0af58adafe547ba4fabba40f12bf3) Importer(815301076,1909f56bfc062723c751e8b465ee728b)
Start importing Assets/Scenes/Level 1.unity using Guid(c5d0af58adafe547ba4fabba40f12bf3) Importer(815301076,1909f56bfc062723c751e8b465ee728b)  -> (artifact id: '8ae059368356aa33113c452b8fc5dcda') in 0,001266 seconds 
  Import took 0,005146 seconds .

========================================================================
Received Import Request.
  Time since last request: 271,019233 seconds.
  path: Assets/Sprites/Blue Rocket Background.jpg
  artifactKey: Guid(22d849037740f00248b673ba9196c3bf) Importer(815301076,1909f56bfc062723c751e8b465ee728b)
Start importing Assets/Sprites/Blue Rocket Background.jpg using Guid(22d849037740f00248b673ba9196c3bf) Importer(815301076,1909f56bfc062723c751e8b465ee728b)  -> (artifact id: 'f9dca3c76d4aa601e6d6173f10d52ae7') in 0,008221 seconds 
  Import took 0,012818 seconds .

========================================================================
Received Import Request.
  Time since last request: 0,005594 seconds.
  path: Assets/Sprites/Blue Rocket Background.jpg
  artifactKey: Guid(22d849037740f00248b673ba9196c3bf) Importer(815301076,1909f56bfc062723c751e8b465ee728b)
Start importing Assets/Sprites/Blue Rocket Background.jpg using Guid(22d849037740f00248b673ba9196c3bf) Importer(815301076,1909f56bfc062723c751e8b465ee728b)  -> (artifact id: 'f9dca3c76d4aa601e6d6173f10d52ae7') in 0,008237 seconds 
  Import took 0,015117 seconds .

========================================================================
Received Import Request.
  Time since last request: 126,815520 seconds.
  path: Assets/Sprites/Blue Rocket Background.jpg
  artifactKey: Guid(22d849037740f00248b673ba9196c3bf) Importer(815301076,1909f56bfc062723c751e8b465ee728b)
Start importing Assets/Sprites/Blue Rocket Background.jpg using Guid(22d849037740f00248b673ba9196c3bf) Importer(815301076,1909f56bfc062723c751e8b465ee728b)  -> (artifact id: '9e1e1b3261f8c7971ebefb70ea1cdad2') in 0,041702 seconds 
  Import took 0,046448 seconds .

========================================================================
Received Import Request.
  Time since last request: 131,591581 seconds.
  path: Assets/Sprites/Block Square.png
  artifactKey: Guid(a00fb48f34c19685aa884ff2774f8f79) Importer(815301076,1909f56bfc062723c751e8b465ee728b)
Start importing Assets/Sprites/Block Square.png using Guid(a00fb48f34c19685aa884ff2774f8f79) Importer(815301076,1909f56bfc062723c751e8b465ee728b)  -> (artifact id: '0e4301435551e491bd09ac5692c4978b') in 0,006139 seconds 
  Import took 0,010104 seconds .

========================================================================
Received Import Request.
  Time since last request: 0,008510 seconds.
  path: Assets/Sprites/Block Square.png
  artifactKey: Guid(a00fb48f34c19685aa884ff2774f8f79) Importer(815301076,1909f56bfc062723c751e8b465ee728b)
Start importing Assets/Sprites/Block Square.png using Guid(a00fb48f34c19685aa884ff2774f8f79) Importer(815301076,1909f56bfc062723c751e8b465ee728b)  -> (artifact id: '0e4301435551e491bd09ac5692c4978b') in 0,006538 seconds 
  Import took 0,011141 seconds .

========================================================================
Received Import Request.
  Time since last request: 41,641768 seconds.
  path: Assets/Sprites/Paddle.png
  artifactKey: Guid(1c6155f60eb81273b8bac57285a703f3) Importer(815301076,1909f56bfc062723c751e8b465ee728b)
Start importing Assets/Sprites/Paddle.png using Guid(1c6155f60eb81273b8bac57285a703f3) Importer(815301076,1909f56bfc062723c751e8b465ee728b)  -> (artifact id: '4b937d9dfc59bb1ca8ef62b2a9c23475') in 0,005364 seconds 
  Import took 0,009516 seconds .

========================================================================
Received Import Request.
  Time since last request: 0,008290 seconds.
  path: Assets/Sprites/Paddle.png
  artifactKey: Guid(1c6155f60eb81273b8bac57285a703f3) Importer(815301076,1909f56bfc062723c751e8b465ee728b)
Start importing Assets/Sprites/Paddle.png using Guid(1c6155f60eb81273b8bac57285a703f3) Importer(815301076,1909f56bfc062723c751e8b465ee728b)  -> (artifact id: '4b937d9dfc59bb1ca8ef62b2a9c23475') in 0,004971 seconds 
  Import took 0,009038 seconds .

========================================================================
Received Import Request.
  Time since last request: 12,842005 seconds.
  path: Assets/Sprites/ball3.png
  artifactKey: Guid(07ec0f3a0652d4383b5966575252f1ad) Importer(815301076,1909f56bfc062723c751e8b465ee728b)
Start importing Assets/Sprites/ball3.png using Guid(07ec0f3a0652d4383b5966575252f1ad) Importer(815301076,1909f56bfc062723c751e8b465ee728b)  -> (artifact id: 'b1fe546f5adeff0bd1500b9367224ef0') in 0,007965 seconds 
  Import took 0,012258 seconds .

========================================================================
Received Import Request.
  Time since last request: 0,000311 seconds.
  path: Assets/Sprites/ball3.png
  artifactKey: Guid(07ec0f3a0652d4383b5966575252f1ad) Importer(815301076,1909f56bfc062723c751e8b465ee728b)
Start importing Assets/Sprites/ball3.png using Guid(07ec0f3a0652d4383b5966575252f1ad) Importer(815301076,1909f56bfc062723c751e8b465ee728b)  -> (artifact id: 'b1fe546f5adeff0bd1500b9367224ef0') in 0,007723 seconds 
  Import took 0,012032 seconds .

========================================================================
Received Import Request.
  Time since last request: 42,763590 seconds.
  path: Assets/Sprites/Paddle.png
  artifactKey: Guid(1c6155f60eb81273b8bac57285a703f3) Importer(815301076,1909f56bfc062723c751e8b465ee728b)
Start importing Assets/Sprites/Paddle.png using Guid(1c6155f60eb81273b8bac57285a703f3) Importer(815301076,1909f56bfc062723c751e8b465ee728b)  -> (artifact id: 'a4ad401002e0058e56e8319acc92e8a7') in 0,006908 seconds 
  Import took 0,011918 seconds .

========================================================================
Received Import Request.
  Time since last request: 0,002766 seconds.
  path: Assets/Sprites/Paddle.png
  artifactKey: Guid(1c6155f60eb81273b8bac57285a703f3) Importer(815301076,1909f56bfc062723c751e8b465ee728b)
Start importing Assets/Sprites/Paddle.png using Guid(1c6155f60eb81273b8bac57285a703f3) Importer(815301076,1909f56bfc062723c751e8b465ee728b)  -> (artifact id: 'a4ad401002e0058e56e8319acc92e8a7') in 0,004969 seconds 
  Import took 0,009589 seconds .

========================================================================
Received Import Request.
  Time since last request: 16,595722 seconds.
  path: Assets/Sprites/ball3.png
  artifactKey: Guid(07ec0f3a0652d4383b5966575252f1ad) Importer(815301076,1909f56bfc062723c751e8b465ee728b)
Start importing Assets/Sprites/ball3.png using Guid(07ec0f3a0652d4383b5966575252f1ad) Importer(815301076,1909f56bfc062723c751e8b465ee728b)  -> (artifact id: '7ddf5371625d0f9013f241646d6ade7a') in 0,008166 seconds 
  Import took 0,012211 seconds .

========================================================================
Received Import Request.
  Time since last request: 0,006860 seconds.
  path: Assets/Sprites/ball3.png
  artifactKey: Guid(07ec0f3a0652d4383b5966575252f1ad) Importer(815301076,1909f56bfc062723c751e8b465ee728b)
Start importing Assets/Sprites/ball3.png using Guid(07ec0f3a0652d4383b5966575252f1ad) Importer(815301076,1909f56bfc062723c751e8b465ee728b)  -> (artifact id: '7ddf5371625d0f9013f241646d6ade7a') in 0,015129 seconds 
  Import took 0,019329 seconds .

========================================================================
Received Import Request.
  Time since last request: 14,616831 seconds.
  path: Assets/Sprites/Block Square.png
  artifactKey: Guid(a00fb48f34c19685aa884ff2774f8f79) Importer(815301076,1909f56bfc062723c751e8b465ee728b)
Start importing Assets/Sprites/Block Square.png using Guid(a00fb48f34c19685aa884ff2774f8f79) Importer(815301076,1909f56bfc062723c751e8b465ee728b)  -> (artifact id: '0d2927dd6effb0a42bddad464a1fe7ea') in 0,007388 seconds 
  Import took 0,012024 seconds .

========================================================================
Received Import Request.
  Time since last request: 0,017331 seconds.
  path: Assets/Sprites/Block Square.png
  artifactKey: Guid(a00fb48f34c19685aa884ff2774f8f79) Importer(815301076,1909f56bfc062723c751e8b465ee728b)
Start importing Assets/Sprites/Block Square.png using Guid(a00fb48f34c19685aa884ff2774f8f79) Importer(815301076,1909f56bfc062723c751e8b465ee728b)  -> (artifact id: '0d2927dd6effb0a42bddad464a1fe7ea') in 0,007725 seconds 
  Import took 0,012421 seconds .

========================================================================
Received Import Request.
  Time since last request: 6,833635 seconds.
  path: Assets/Sprites/Block Square.png
  artifactKey: Guid(a00fb48f34c19685aa884ff2774f8f79) Importer(815301076,1909f56bfc062723c751e8b465ee728b)
Start importing Assets/Sprites/Block Square.png using Guid(a00fb48f34c19685aa884ff2774f8f79) Importer(815301076,1909f56bfc062723c751e8b465ee728b)  -> (artifact id: '4db4fa6b14260751c970e6302f526dc5') in 0,006287 seconds 
  Import took 0,010976 seconds .

========================================================================
Received Import Request.
  Time since last request: 0,007059 seconds.
  path: Assets/Sprites/Block Square.png
  artifactKey: Guid(a00fb48f34c19685aa884ff2774f8f79) Importer(815301076,1909f56bfc062723c751e8b465ee728b)
Start importing Assets/Sprites/Block Square.png using Guid(a00fb48f34c19685aa884ff2774f8f79) Importer(815301076,1909f56bfc062723c751e8b465ee728b)  -> (artifact id: '4db4fa6b14260751c970e6302f526dc5') in 0,006896 seconds 
  Import took 0,011716 seconds .

========================================================================
Received Import Request.
  Time since last request: 264,135633 seconds.
  path: Assets/Sprites/Ball.png
  artifactKey: Guid(07ec0f3a0652d4383b5966575252f1ad) Importer(815301076,1909f56bfc062723c751e8b465ee728b)
Start importing Assets/Sprites/Ball.png using Guid(07ec0f3a0652d4383b5966575252f1ad) Importer(815301076,1909f56bfc062723c751e8b465ee728b)  -> (artifact id: 'dde8ca7356fd097dd651ef31f670cf7d') in 0,008084 seconds 
  Import took 0,012030 seconds .

========================================================================
Received Import Request.
  Time since last request: 0,003012 seconds.
  path: Assets/Sprites/Ball.png
  artifactKey: Guid(07ec0f3a0652d4383b5966575252f1ad) Importer(815301076,1909f56bfc062723c751e8b465ee728b)
Start importing Assets/Sprites/Ball.png using Guid(07ec0f3a0652d4383b5966575252f1ad) Importer(815301076,1909f56bfc062723c751e8b465ee728b)  -> (artifact id: 'dde8ca7356fd097dd651ef31f670cf7d') in 0,007324 seconds 
  Import took 0,011614 seconds .

========================================================================
Received Prepare
Registering precompiled user dll's ...
Registered in 0,003201 seconds.
Begin MonoManager ReloadAssembly
Native extension for LinuxStandalone target not found
Refreshing native plugins compatible for Editor in 0,49 ms, found 1 plugins.
Preloading 0 native plugins for Editor in 0,00 ms.
Mono: successfully reloaded assembly
- Completed reload, in  1,183 seconds
Platform modules already initialized, skipping
Refreshing native plugins compatible for Editor in 0,47 ms, found 1 plugins.
Preloading 0 native plugins for Editor in 0,00 ms.
Unloading 2093 Unused Serialized files (Serialized files now loaded: 0)
System memory in use before: 90,8 MB.
System memory in use after: 90,2 MB.

Unloading 33 unused Assets to reduce memory usage. Loaded Objects now: 2581.
Total: 4,519604 ms (FindLiveObjects: 0,294268 ms CreateObjectMapping: 0,176504 ms MarkObjects: 3,560417 ms  DeleteObjects: 0,486670 ms)

AssetImportParameters requested are different than current active one (requested -> active):
  custom:video-decoder-ogg-theora: a1e56fd34408186e4bbccfd4996cb3dc -> 
  custom:container-muxer-webm: aa71ff27fc2769a1b78a27578f13a17b -> 
  custom:container-demuxer-webm: 4f35f7cbe854078d1ac9338744f61a02 -> 
  custom:container-demuxer-ogg: 62fdf1f143b41e24485cea50d1cbac27 -> 
  custom:video-encoder-webm-vp8: eb34c28f22e8b96e1ab97ce403110664 -> 
  custom:video-decoder-webm-vp8: 9c59270c3fd7afecdb556c50c9e8de78 -> 
  custom:audio-decoder-ogg-vorbis: bf7c407c2cedff20999df2af8eb42d56 -> 
  custom:audio-encoder-webm-vorbis: bf7c407c2cedff20999df2af8eb42d56 -> 
========================================================================
Received Prepare
Registering precompiled user dll's ...
Registered in 0,002907 seconds.
Begin MonoManager ReloadAssembly
Native extension for LinuxStandalone target not found
Refreshing native plugins compatible for Editor in 0,53 ms, found 1 plugins.
Preloading 0 native plugins for Editor in 0,00 ms.
Mono: successfully reloaded assembly
- Completed reload, in  1,206 seconds
Platform modules already initialized, skipping
Refreshing native plugins compatible for Editor in 0,59 ms, found 1 plugins.
Preloading 0 native plugins for Editor in 0,00 ms.
Unloading 2092 Unused Serialized files (Serialized files now loaded: 0)
System memory in use before: 90,7 MB.
System memory in use after: 90,2 MB.

Unloading 33 unused Assets to reduce memory usage. Loaded Objects now: 2585.
Total: 6,146974 ms (FindLiveObjects: 0,415431 ms CreateObjectMapping: 0,204970 ms MarkObjects: 4,638551 ms  DeleteObjects: 0,886137 ms)

AssetImportParameters requested are different than current active one (requested -> active):
  custom:video-decoder-ogg-theora: a1e56fd34408186e4bbccfd4996cb3dc -> 
  custom:container-muxer-webm: aa71ff27fc2769a1b78a27578f13a17b -> 
  custom:container-demuxer-webm: 4f35f7cbe854078d1ac9338744f61a02 -> 
  custom:container-demuxer-ogg: 62fdf1f143b41e24485cea50d1cbac27 -> 
  custom:video-encoder-webm-vp8: eb34c28f22e8b96e1ab97ce403110664 -> 
  custom:video-decoder-webm-vp8: 9c59270c3fd7afecdb556c50c9e8de78 -> 
  custom:audio-decoder-ogg-vorbis: bf7c407c2cedff20999df2af8eb42d56 -> 
  custom:audio-encoder-webm-vorbis: bf7c407c2cedff20999df2af8eb42d56 -> 
========================================================================
Received Prepare
Registering precompiled user dll's ...
Registered in 0,007628 seconds.
Begin MonoManager ReloadAssembly
Native extension for LinuxStandalone target not found
Refreshing native plugins compatible for Editor in 2,00 ms, found 1 plugins.
Preloading 0 native plugins for Editor in 0,00 ms.
Mono: successfully reloaded assembly
- Completed reload, in  2,357 seconds
Platform modules already initialized, skipping
Refreshing native plugins compatible for Editor in 0,65 ms, found 1 plugins.
Preloading 0 native plugins for Editor in 0,00 ms.
Unloading 2092 Unused Serialized files (Serialized files now loaded: 0)
System memory in use before: 90,7 MB.
System memory in use after: 90,2 MB.

Unloading 33 unused Assets to reduce memory usage. Loaded Objects now: 2589.
Total: 11,688726 ms (FindLiveObjects: 0,430339 ms CreateObjectMapping: 0,256391 ms MarkObjects: 10,309550 ms  DeleteObjects: 0,690022 ms)

AssetImportParameters requested are different than current active one (requested -> active):
  custom:video-decoder-ogg-theora: a1e56fd34408186e4bbccfd4996cb3dc -> 
  custom:container-muxer-webm: aa71ff27fc2769a1b78a27578f13a17b -> 
  custom:container-demuxer-webm: 4f35f7cbe854078d1ac9338744f61a02 -> 
  custom:container-demuxer-ogg: 62fdf1f143b41e24485cea50d1cbac27 -> 
  custom:video-encoder-webm-vp8: eb34c28f22e8b96e1ab97ce403110664 -> 
  custom:video-decoder-webm-vp8: 9c59270c3fd7afecdb556c50c9e8de78 -> 
  custom:audio-decoder-ogg-vorbis: bf7c407c2cedff20999df2af8eb42d56 -> 
  custom:audio-encoder-webm-vorbis: bf7c407c2cedff20999df2af8eb42d56 -> 
========================================================================
Received Prepare
Registering precompiled user dll's ...
Registered in 0,023491 seconds.
Begin MonoManager ReloadAssembly
Native extension for LinuxStandalone target not found
Refreshing native plugins compatible for Editor in 1,59 ms, found 1 plugins.
Preloading 0 native plugins for Editor in 0,00 ms.
Mono: successfully reloaded assembly
- Completed reload, in  2,504 seconds
Platform modules already initialized, skipping
Refreshing native plugins compatible for Editor in 3,43 ms, found 1 plugins.
Preloading 0 native plugins for Editor in 0,00 ms.
Unloading 2092 Unused Serialized files (Serialized files now loaded: 0)
System memory in use before: 90,7 MB.
System memory in use after: 90,2 MB.

Unloading 33 unused Assets to reduce memory usage. Loaded Objects now: 2593.
Total: 14,973818 ms (FindLiveObjects: 0,591610 ms CreateObjectMapping: 0,217100 ms MarkObjects: 11,679868 ms  DeleteObjects: 2,482573 ms)

AssetImportParameters requested are different than current active one (requested -> active):
  custom:video-decoder-ogg-theora: a1e56fd34408186e4bbccfd4996cb3dc -> 
  custom:container-muxer-webm: aa71ff27fc2769a1b78a27578f13a17b -> 
  custom:container-demuxer-webm: 4f35f7cbe854078d1ac9338744f61a02 -> 
  custom:container-demuxer-ogg: 62fdf1f143b41e24485cea50d1cbac27 -> 
  custom:video-encoder-webm-vp8: eb34c28f22e8b96e1ab97ce403110664 -> 
  custom:video-decoder-webm-vp8: 9c59270c3fd7afecdb556c50c9e8de78 -> 
  custom:audio-decoder-ogg-vorbis: bf7c407c2cedff20999df2af8eb42d56 -> 
  custom:audio-encoder-webm-vorbis: bf7c407c2cedff20999df2af8eb42d56 -> 
========================================================================
Received Prepare
Registering precompiled user dll's ...
Registered in 0,011480 seconds.
Begin MonoManager ReloadAssembly
Native extension for LinuxStandalone target not found
Refreshing native plugins compatible for Editor in 1,27 ms, found 1 plugins.
Preloading 0 native plugins for Editor in 0,00 ms.
Mono: successfully reloaded assembly
- Completed reload, in  5,365 seconds
Platform modules already initialized, skipping
Refreshing native plugins compatible for Editor in 1,56 ms, found 1 plugins.
Preloading 0 native plugins for Editor in 0,00 ms.
Unloading 2092 Unused Serialized files (Serialized files now loaded: 0)
System memory in use before: 90,7 MB.
System memory in use after: 90,2 MB.

Unloading 33 unused Assets to reduce memory usage. Loaded Objects now: 2597.
Total: 36,426732 ms (FindLiveObjects: 2,273484 ms CreateObjectMapping: 0,257331 ms MarkObjects: 33,313953 ms  DeleteObjects: 0,579155 ms)

AssetImportParameters requested are different than current active one (requested -> active):
  custom:video-decoder-ogg-theora: a1e56fd34408186e4bbccfd4996cb3dc -> 
  custom:container-muxer-webm: aa71ff27fc2769a1b78a27578f13a17b -> 
  custom:container-demuxer-webm: 4f35f7cbe854078d1ac9338744f61a02 -> 
  custom:container-demuxer-ogg: 62fdf1f143b41e24485cea50d1cbac27 -> 
  custom:video-encoder-webm-vp8: eb34c28f22e8b96e1ab97ce403110664 -> 
  custom:video-decoder-webm-vp8: 9c59270c3fd7afecdb556c50c9e8de78 -> 
  custom:audio-decoder-ogg-vorbis: bf7c407c2cedff20999df2af8eb42d56 -> 
  custom:audio-encoder-webm-vorbis: bf7c407c2cedff20999df2af8eb42d56 -> 
AssetImportWorkerClient::OnTransportError - code=2 error=End of file
