Using pre-set license
Desktop is 3840 x 1080 @ 60 Hz

 COMMAND LINE ARGUMENTS:
Unity
-adb2
-batchMode
-noUpm
-name
AssetImportWorker0
-projectPath
/home/rogizord/unityProjects/githubProj/block-breaker/BlockBreaker
-logFile
Logs/AssetImportWorker0.log
-srvPort
39849
Successfully changed project path to: /home/rogizord/unityProjects/githubProj/block-breaker/BlockBreaker
/home/rogizord/unityProjects/githubProj/block-breaker/BlockBreaker
Using Asset Import Pipeline V2.
Refreshing native plugins compatible for Editor in 48,01 ms, found 1 plugins.
Preloading 0 native plugins for Editor in 0,00 ms.
Initialize engine version: 2020.3.13f1 (71691879b7f5)
[Subsystems] Discovering subsystems at path /home/rogizord/Unity/Hub/Editor/2020.3.13f1/Editor/Data/Resources/UnitySubsystems
[Subsystems] Discovering subsystems at path /home/rogizord/unityProjects/githubProj/block-breaker/BlockBreaker/Assets
GLX Extensions: GLX_ARB_create_context GLX_ARB_create_context_no_error GLX_ARB_create_context_profile GLX_ARB_create_context_robustness GLX_ARB_fbconfig_float GLX_ARB_framebuffer_sRGB GLX_ARB_get_proc_address GLX_ARB_multisample GLX_EXT_buffer_age GLX_EXT_create_context_es2_profile GLX_EXT_create_context_es_profile GLX_EXT_fbconfig_packed_float GLX_EXT_framebuffer_sRGB GLX_EXT_import_context GLX_EXT_texture_from_pixmap GLX_EXT_visual_info GLX_EXT_visual_rating GLX_INTEL_swap_event GLX_MESA_copy_sub_buffer GLX_MESA_query_renderer GLX_MESA_swap_control GLX_OML_swap_method GLX_OML_sync_control GLX_SGIS_multisample GLX_SGIX_fbconfig GLX_SGIX_pbuffer GLX_SGIX_visual_select_group GLX_SGI_make_current_read GLX_SGI_swap_control GLX_SGI_video_sync 
Renderer: AMD Radeon (TM) RX 460 Graphics (POLARIS11, DRM 3.35.0, 5.4.0-80-generic, LLVM 11.0.0)
Vendor:   X.Org
Version:  4.6 (Core Profile) Mesa 20.2.6
GLES:     0
 GL_AMD_conservative_depth GL_AMD_depth_clamp_separate GL_AMD_draw_buffers_blend GL_AMD_framebuffer_multisample_advanced GL_AMD_gpu_shader_int64 GL_AMD_multi_draw_indirect GL_AMD_performance_monitor GL_AMD_pinned_memory GL_AMD_query_buffer_object GL_AMD_seamless_cubemap_per_texture GL_AMD_shader_stencil_export GL_AMD_shader_trinary_minmax GL_AMD_texture_texture4 GL_AMD_vertex_shader_layer GL_AMD_vertex_shader_viewport_index GL_ANGLE_texture_compression_dxt3 GL_ANGLE_texture_compression_dxt5 GL_ARB_ES2_compatibility GL_ARB_ES3_1_compatibility GL_ARB_ES3_2_compatibility GL_ARB_ES3_compatibility GL_ARB_arrays_of_arrays GL_ARB_base_instance GL_ARB_bindless_texture GL_ARB_blend_func_extended GL_ARB_buffer_storage GL_ARB_clear_buffer_object GL_ARB_clear_texture GL_ARB_clip_control GL_ARB_color_buffer_float GL_ARB_compressed_texture_pixel_storage GL_ARB_compute_shader GL_ARB_compute_variable_group_size GL_ARB_conditional_render_inverted GL_ARB_conservative_depth GL_ARB_copy_buffer GL_ARB_copy_image GL_ARB_cull_dist
ance GL_ARB_debug_output GL_ARB_depth_buffer_float GL_ARB_depth_clamp GL_ARB_derivative_control GL_ARB_direct_state_access GL_ARB_draw_buffers GL_ARB_draw_buffers_blend GL_ARB_draw_elements_base_vertex GL_ARB_draw_indirect GL_ARB_draw_instanced GL_ARB_enhanced_layouts GL_ARB_explicit_attrib_location GL_ARB_explicit_uniform_location GL_ARB_fragment_coord_conventions GL_ARB_fragment_layer_viewport GL_ARB_fragment_shader GL_ARB_framebuffer_no_attachments GL_ARB_framebuffer_object GL_ARB_framebuffer_sRGB GL_ARB_get_program_binary GL_ARB_get_texture_sub_image GL_ARB_gl_spirv GL_ARB_gpu_shader5 GL_ARB_gpu_shader_fp64 GL_ARB_gpu_shader_int64 GL_ARB_half_float_pixel GL_ARB_half_float_vertex GL_ARB_indirect_parameters GL_ARB_instanced_arrays GL_ARB_internalformat_query GL_ARB_internalformat_query2 GL_ARB_invalidate_subdata GL_ARB_map_buffer_alignment GL_ARB_map_buffer_range GL_ARB_multi_bind GL_ARB_multi_draw_indirect GL_ARB_occlusion_query2 GL_ARB_parallel_shader_compile GL_ARB_pipeline_statistics_query GL_ARB_pixel
_buffer_object GL_ARB_point_sprite GL_ARB_polygon_offset_clamp GL_ARB_program_interface_query GL_ARB_provoking_vertex GL_ARB_query_buffer_object GL_ARB_robust_buffer_access_behavior GL_ARB_robustness GL_ARB_sample_shading GL_ARB_sampler_objects GL_ARB_seamless_cube_map GL_ARB_seamless_cubemap_per_texture GL_ARB_separate_shader_objects GL_ARB_shader_atomic_counter_ops GL_ARB_shader_atomic_counters GL_ARB_shader_ballot GL_ARB_shader_bit_encoding GL_ARB_shader_clock GL_ARB_shader_draw_parameters GL_ARB_shader_group_vote GL_ARB_shader_image_load_store GL_ARB_shader_image_size GL_ARB_shader_objects GL_ARB_shader_precision GL_ARB_shader_stencil_export GL_ARB_shader_storage_buffer_object GL_ARB_shader_subroutine GL_ARB_shader_texture_image_samples GL_ARB_shader_texture_lod GL_ARB_shader_viewport_layer_array GL_ARB_shading_language_420pack GL_ARB_shading_language_include GL_ARB_shading_language_packing GL_ARB_sparse_buffer GL_ARB_spirv_extensions GL_ARB_stencil_texturing GL_ARB_sync GL_ARB_tessellation_shader GL_ARB
_texture_barrier GL_ARB_texture_buffer_object GL_ARB_texture_buffer_object_rgb32 GL_ARB_texture_buffer_range GL_ARB_texture_compression_bptc GL_ARB_texture_compression_rgtc GL_ARB_texture_cube_map_array GL_ARB_texture_filter_anisotropic GL_ARB_texture_float GL_ARB_texture_gather GL_ARB_texture_mirror_clamp_to_edge GL_ARB_texture_multisample GL_ARB_texture_non_power_of_two GL_ARB_texture_query_levels GL_ARB_texture_query_lod GL_ARB_texture_rectangle GL_ARB_texture_rg GL_ARB_texture_rgb10_a2ui GL_ARB_texture_stencil8 GL_ARB_texture_storage GL_ARB_texture_storage_multisample GL_ARB_texture_swizzle GL_ARB_texture_view GL_ARB_timer_query GL_ARB_transform_feedback2 GL_ARB_transform_feedback3 GL_ARB_transform_feedback_instanced GL_ARB_transform_feedback_overflow_query GL_ARB_uniform_buffer_object GL_ARB_vertex_array_bgra GL_ARB_vertex_array_object GL_ARB_vertex_attrib_64bit GL_ARB_vertex_attrib_binding GL_ARB_vertex_buffer_object GL_ARB_vertex_shader GL_ARB_vertex_type_10f_11f_11f_rev GL_ARB_vertex_type_2_10_10_10_
rev GL_ARB_viewport_array GL_ATI_blend_equation_separate GL_ATI_meminfo GL_ATI_texture_float GL_ATI_texture_mirror_once GL_EXT_EGL_image_storage GL_EXT_EGL_sync GL_EXT_abgr GL_EXT_blend_equation_separate GL_EXT_depth_bounds_test GL_EXT_draw_buffers2 GL_EXT_draw_instanced GL_EXT_framebuffer_blit GL_EXT_framebuffer_multisample GL_EXT_framebuffer_multisample_blit_scaled GL_EXT_framebuffer_object GL_EXT_framebuffer_sRGB GL_EXT_memory_object GL_EXT_memory_object_fd GL_EXT_packed_depth_stencil GL_EXT_packed_float GL_EXT_pixel_buffer_object GL_EXT_polygon_offset_clamp GL_EXT_provoking_vertex GL_EXT_semaphore GL_EXT_semaphore_fd GL_EXT_shader_image_load_formatted GL_EXT_shader_image_load_store GL_EXT_shader_integer_mix GL_EXT_shader_samples_identical GL_EXT_texture_array GL_EXT_texture_compression_dxt1 GL_EXT_texture_compression_rgtc GL_EXT_texture_compression_s3tc GL_EXT_texture_filter_anisotropic GL_EXT_texture_integer GL_EXT_texture_mirror_clamp GL_EXT_texture_sRGB GL_EXT_texture_sRGB_R8 GL_EXT_texture_sRGB_decod
e GL_EXT_texture_shadow_lod GL_EXT_texture_shared_exponent GL_EXT_texture_snorm GL_EXT_texture_swizzle GL_EXT_timer_query GL_EXT_transform_feedback GL_EXT_vertex_array_bgra GL_EXT_vertex_attrib_64bit GL_EXT_window_rectangles GL_IBM_multimode_draw_arrays GL_KHR_blend_equation_advanced GL_KHR_context_flush_control GL_KHR_debug GL_KHR_no_error GL_KHR_parallel_shader_compile GL_KHR_robust_buffer_access_behavior GL_KHR_robustness GL_KHR_texture_compression_astc_ldr GL_KHR_texture_compression_astc_sliced_3d GL_MESA_framebuffer_flip_y GL_MESA_pack_invert GL_MESA_shader_integer_functions GL_MESA_texture_signed_rgba GL_NVX_gpu_memory_info GL_NV_alpha_to_coverage_dither_control GL_NV_conditional_render GL_NV_copy_image GL_NV_depth_clamp GL_NV_packed_depth_stencil GL_NV_texture_barrier GL_NV_vdpau_interop GL_OES_EGL_image GL_S3_s3tc
OPENGL LOG: Creating OpenGL 4.6 graphics device ; Context level  <OpenGL 4.5> ; Context handle -941911040
Initialize mono
Mono path[0] = '/home/rogizord/Unity/Hub/Editor/2020.3.13f1/Editor/Data/Managed'
Mono path[1] = '/home/rogizord/Unity/Hub/Editor/2020.3.13f1/Editor/Data/MonoBleedingEdge/lib/mono/unityjit'
Mono config path = '/home/rogizord/Unity/Hub/Editor/2020.3.13f1/Editor/Data/MonoBleedingEdge/etc'
Using monoOptions --debugger-agent=transport=dt_socket,embedding=1,server=y,suspend=n,address=127.0.0.1:56380
Begin MonoManager ReloadAssembly
Registering precompiled unity dll's ...
Register platform support module: /home/rogizord/Unity/Hub/Editor/2020.3.13f1/Editor/Data/PlaybackEngines/WebGLSupport/UnityEditor.WebGL.Extensions.dll
Register platform support module: /home/rogizord/Unity/Hub/Editor/2020.3.13f1/Editor/Data/PlaybackEngines/LinuxStandaloneSupport/UnityEditor.LinuxStandalone.Extensions.dll
Registered in 0,001899 seconds.
Native extension for LinuxStandalone target not found
Native extension for WebGL target not found
Refreshing native plugins compatible for Editor in 44,59 ms, found 1 plugins.
Preloading 0 native plugins for Editor in 0,00 ms.
Mono: successfully reloaded assembly
- Completed reload, in  1,851 seconds
Platform modules already initialized, skipping
Registering precompiled user dll's ...
Registered in 0,003347 seconds.
Begin MonoManager ReloadAssembly
Native extension for LinuxStandalone target not found
Native extension for WebGL target not found
Refreshing native plugins compatible for Editor in 44,70 ms, found 1 plugins.
Preloading 0 native plugins for Editor in 0,00 ms.
Mono: successfully reloaded assembly
- Completed reload, in  1,256 seconds
Platform modules already initialized, skipping
========================================================================
Worker process is ready to serve import requests
Launched and connected shader compiler UnityShaderCompiler after 0.01 seconds
Refreshing native plugins compatible for Editor in 0,45 ms, found 1 plugins.
Preloading 0 native plugins for Editor in 0,00 ms.
Unloading 2112 Unused Serialized files (Serialized files now loaded: 0)
System memory in use before: 89,7 MB.
System memory in use after: 89,7 MB.

Unloading 33 unused Assets to reduce memory usage. Loaded Objects now: 2548.
Total: 4,219993 ms (FindLiveObjects: 0,253575 ms CreateObjectMapping: 0,100832 ms MarkObjects: 3,497020 ms  DeleteObjects: 0,367224 ms)

AssetImportParameters requested are different than current active one (requested -> active):
  custom:video-decoder-ogg-theora: a1e56fd34408186e4bbccfd4996cb3dc -> 
  custom:container-muxer-webm: aa71ff27fc2769a1b78a27578f13a17b -> 
  custom:container-demuxer-webm: 4f35f7cbe854078d1ac9338744f61a02 -> 
  custom:container-demuxer-ogg: 62fdf1f143b41e24485cea50d1cbac27 -> 
  custom:video-encoder-webm-vp8: eb34c28f22e8b96e1ab97ce403110664 -> 
  custom:video-decoder-webm-vp8: 9c59270c3fd7afecdb556c50c9e8de78 -> 
  custom:audio-decoder-ogg-vorbis: bf7c407c2cedff20999df2af8eb42d56 -> 
  custom:audio-encoder-webm-vorbis: bf7c407c2cedff20999df2af8eb42d56 -> 
========================================================================
Received Import Request.
  path: Assets/Audio/SFX_Click_2.ogg
  artifactKey: Guid(31cfdb3f5ec1c9d67aa0f0e3863ea77a) Importer(815301076,1909f56bfc062723c751e8b465ee728b)
Start importing Assets/Audio/SFX_Click_2.ogg using Guid(31cfdb3f5ec1c9d67aa0f0e3863ea77a) Importer(815301076,1909f56bfc062723c751e8b465ee728b)  -> (artifact id: '6b8b82da2a39bf37bb79fc6c3712e4ae') in 0,013400 seconds 
  Import took 0,018185 seconds .

========================================================================
Received Prepare
Registering precompiled user dll's ...
Registered in 0,003313 seconds.
Begin MonoManager ReloadAssembly
Native extension for LinuxStandalone target not found
Native extension for WebGL target not found
Refreshing native plugins compatible for Editor in 0,52 ms, found 1 plugins.
Preloading 0 native plugins for Editor in 0,00 ms.
Mono: successfully reloaded assembly
- Completed reload, in  1,207 seconds
Platform modules already initialized, skipping
Refreshing native plugins compatible for Editor in 0,72 ms, found 1 plugins.
Preloading 0 native plugins for Editor in 0,00 ms.
Unloading 2094 Unused Serialized files (Serialized files now loaded: 0)
System memory in use before: 88,4 MB.
System memory in use after: 88,4 MB.

Unloading 21 unused Assets to reduce memory usage. Loaded Objects now: 2552.
Total: 4,208818 ms (FindLiveObjects: 0,308266 ms CreateObjectMapping: 0,187148 ms MarkObjects: 3,527253 ms  DeleteObjects: 0,184383 ms)

AssetImportParameters requested are different than current active one (requested -> active):
  custom:video-decoder-ogg-theora: a1e56fd34408186e4bbccfd4996cb3dc -> 
  custom:container-muxer-webm: aa71ff27fc2769a1b78a27578f13a17b -> 
  custom:container-demuxer-webm: 4f35f7cbe854078d1ac9338744f61a02 -> 
  custom:container-demuxer-ogg: 62fdf1f143b41e24485cea50d1cbac27 -> 
  custom:video-encoder-webm-vp8: eb34c28f22e8b96e1ab97ce403110664 -> 
  custom:video-decoder-webm-vp8: 9c59270c3fd7afecdb556c50c9e8de78 -> 
  custom:audio-decoder-ogg-vorbis: bf7c407c2cedff20999df2af8eb42d56 -> 
  custom:audio-encoder-webm-vorbis: bf7c407c2cedff20999df2af8eb42d56 -> 
========================================================================
Received Import Request.
  Time since last request: 335,375825 seconds.
  path: Assets/Audio/SFX_Bounce 1.ogg
  artifactKey: Guid(d36d3c50823d53ddc8e6f8dc8a24bdaf) Importer(815301076,1909f56bfc062723c751e8b465ee728b)
Start importing Assets/Audio/SFX_Bounce 1.ogg using Guid(d36d3c50823d53ddc8e6f8dc8a24bdaf) Importer(815301076,1909f56bfc062723c751e8b465ee728b)  -> (artifact id: '6771d070addd34624fb223e21c0d73ca') in 0,080268 seconds 
  Import took 0,084453 seconds .

========================================================================
Received Import Request.
  Time since last request: 0,002446 seconds.
  path: Assets/Audio/SFX_Bounce 1.ogg
  artifactKey: Guid(d36d3c50823d53ddc8e6f8dc8a24bdaf) Importer(815301076,1909f56bfc062723c751e8b465ee728b)
Start importing Assets/Audio/SFX_Bounce 1.ogg using Guid(d36d3c50823d53ddc8e6f8dc8a24bdaf) Importer(815301076,1909f56bfc062723c751e8b465ee728b)  -> (artifact id: '6771d070addd34624fb223e21c0d73ca') in 0,005316 seconds 
  Import took 0,009419 seconds .

========================================================================
Received Import Request.
  Time since last request: 40,355463 seconds.
  path: Assets/Audio/SFX_Click 1.ogg
  artifactKey: Guid(528141488e0de6d04b39b6c5d543b7a5) Importer(815301076,1909f56bfc062723c751e8b465ee728b)
Start importing Assets/Audio/SFX_Click 1.ogg using Guid(528141488e0de6d04b39b6c5d543b7a5) Importer(815301076,1909f56bfc062723c751e8b465ee728b)  -> (artifact id: '490759f14ee676b1adb063045c848bb7') in 0,005224 seconds 
  Import took 0,009406 seconds .

========================================================================
Received Import Request.
  Time since last request: 2,701364 seconds.
  path: Assets/Audio/SFX_Click 2.ogg
  artifactKey: Guid(dcd146549433229e08e33a9ba6031bdc) Importer(815301076,1909f56bfc062723c751e8b465ee728b)
Start importing Assets/Audio/SFX_Click 2.ogg using Guid(dcd146549433229e08e33a9ba6031bdc) Importer(815301076,1909f56bfc062723c751e8b465ee728b)  -> (artifact id: '2964a62c26e728b352e54bc5c5b0e45f') in 0,006047 seconds 
  Import took 0,010982 seconds .

========================================================================
Received Import Request.
  Time since last request: 14,060497 seconds.
  path: Assets/Audio/SFX_Click_2 1.ogg
  artifactKey: Guid(97fc9b4b2582b3bd4a04755eef36ed13) Importer(815301076,1909f56bfc062723c751e8b465ee728b)
Start importing Assets/Audio/SFX_Click_2 1.ogg using Guid(97fc9b4b2582b3bd4a04755eef36ed13) Importer(815301076,1909f56bfc062723c751e8b465ee728b)  -> (artifact id: 'b9cf7bee4152e731a39d21c9d1b83856') in 0,005263 seconds 
  Import took 0,010653 seconds .

========================================================================
Received Import Request.
  Time since last request: 5,393728 seconds.
  path: Assets/Audio/SFX_Click_3 1.ogg
  artifactKey: Guid(17e9150f377b3595d952a6c18e6be93c) Importer(815301076,1909f56bfc062723c751e8b465ee728b)
Start importing Assets/Audio/SFX_Click_3 1.ogg using Guid(17e9150f377b3595d952a6c18e6be93c) Importer(815301076,1909f56bfc062723c751e8b465ee728b)  -> (artifact id: '31b7482ec2eb02ed1f39e84f9c57d2ed') in 0,006038 seconds 
  Import took 0,010484 seconds .

========================================================================
Received Import Request.
  Time since last request: 1,810107 seconds.
  path: Assets/Audio/SFX_Clunk 1.ogg
  artifactKey: Guid(6c508c625a03afc60b3f6c16d38cf52c) Importer(815301076,1909f56bfc062723c751e8b465ee728b)
Start importing Assets/Audio/SFX_Clunk 1.ogg using Guid(6c508c625a03afc60b3f6c16d38cf52c) Importer(815301076,1909f56bfc062723c751e8b465ee728b)  -> (artifact id: '238467f3ac75d3f5496ec24e07ee857c') in 0,005762 seconds 
  Import took 0,009943 seconds .

========================================================================
Received Import Request.
  Time since last request: 11,823752 seconds.
  path: Assets/Audio/SFX_Clunk.ogg
  artifactKey: Guid(6c508c625a03afc60b3f6c16d38cf52c) Importer(815301076,1909f56bfc062723c751e8b465ee728b)
Start importing Assets/Audio/SFX_Clunk.ogg using Guid(6c508c625a03afc60b3f6c16d38cf52c) Importer(815301076,1909f56bfc062723c751e8b465ee728b)  -> (artifact id: 'c90213336116bb8367461fdd33d36a7d') in 0,005998 seconds 
  Import took 0,010394 seconds .

========================================================================
Received Import Request.
  Time since last request: 0,001701 seconds.
  path: Assets/Audio/SFX_Clunk.ogg
  artifactKey: Guid(6c508c625a03afc60b3f6c16d38cf52c) Importer(815301076,1909f56bfc062723c751e8b465ee728b)
Start importing Assets/Audio/SFX_Clunk.ogg using Guid(6c508c625a03afc60b3f6c16d38cf52c) Importer(815301076,1909f56bfc062723c751e8b465ee728b)  -> (artifact id: 'c90213336116bb8367461fdd33d36a7d') in 0,004524 seconds 
  Import took 0,009185 seconds .

========================================================================
Received Import Request.
  Time since last request: 3,707539 seconds.
  path: Assets/Audio/SFX_Click_3.ogg
  artifactKey: Guid(17e9150f377b3595d952a6c18e6be93c) Importer(815301076,1909f56bfc062723c751e8b465ee728b)
Start importing Assets/Audio/SFX_Click_3.ogg using Guid(17e9150f377b3595d952a6c18e6be93c) Importer(815301076,1909f56bfc062723c751e8b465ee728b)  -> (artifact id: '12abb48c931a4689e5beb931950fc8d5') in 0,004452 seconds 
  Import took 0,008705 seconds .

========================================================================
Received Import Request.
  Time since last request: 0,001952 seconds.
  path: Assets/Audio/SFX_Click_3.ogg
  artifactKey: Guid(17e9150f377b3595d952a6c18e6be93c) Importer(815301076,1909f56bfc062723c751e8b465ee728b)
Start importing Assets/Audio/SFX_Click_3.ogg using Guid(17e9150f377b3595d952a6c18e6be93c) Importer(815301076,1909f56bfc062723c751e8b465ee728b)  -> (artifact id: '12abb48c931a4689e5beb931950fc8d5') in 0,005685 seconds 
  Import took 0,009862 seconds .

========================================================================
Received Import Request.
  Time since last request: 3,931584 seconds.
  path: Assets/Audio/SFX_Click_2.ogg
  artifactKey: Guid(97fc9b4b2582b3bd4a04755eef36ed13) Importer(815301076,1909f56bfc062723c751e8b465ee728b)
Start importing Assets/Audio/SFX_Click_2.ogg using Guid(97fc9b4b2582b3bd4a04755eef36ed13) Importer(815301076,1909f56bfc062723c751e8b465ee728b)  -> (artifact id: '5c80914d04f0050fdcabf9f2aa5b1151') in 0,004772 seconds 
  Import took 0,009221 seconds .

========================================================================
Received Import Request.
  Time since last request: 0,001793 seconds.
  path: Assets/Audio/SFX_Click_2.ogg
  artifactKey: Guid(97fc9b4b2582b3bd4a04755eef36ed13) Importer(815301076,1909f56bfc062723c751e8b465ee728b)
Start importing Assets/Audio/SFX_Click_2.ogg using Guid(97fc9b4b2582b3bd4a04755eef36ed13) Importer(815301076,1909f56bfc062723c751e8b465ee728b)  -> (artifact id: '5c80914d04f0050fdcabf9f2aa5b1151') in 0,005891 seconds 
  Import took 0,010228 seconds .

========================================================================
Received Import Request.
  Time since last request: 4,414108 seconds.
  path: Assets/Audio/SFX_Click.ogg
  artifactKey: Guid(528141488e0de6d04b39b6c5d543b7a5) Importer(815301076,1909f56bfc062723c751e8b465ee728b)
Start importing Assets/Audio/SFX_Click.ogg using Guid(528141488e0de6d04b39b6c5d543b7a5) Importer(815301076,1909f56bfc062723c751e8b465ee728b)  -> (artifact id: '4d6001f00650b53c99370f14fd056ab6') in 0,004456 seconds 
  Import took 0,008934 seconds .

========================================================================
Received Import Request.
  Time since last request: 0,002109 seconds.
  path: Assets/Audio/SFX_Click.ogg
  artifactKey: Guid(528141488e0de6d04b39b6c5d543b7a5) Importer(815301076,1909f56bfc062723c751e8b465ee728b)
Start importing Assets/Audio/SFX_Click.ogg using Guid(528141488e0de6d04b39b6c5d543b7a5) Importer(815301076,1909f56bfc062723c751e8b465ee728b)  -> (artifact id: '4d6001f00650b53c99370f14fd056ab6') in 0,004460 seconds 
  Import took 0,008544 seconds .

========================================================================
Received Import Request.
  Time since last request: 3,899943 seconds.
  path: Assets/Audio/SFX_Bounce.ogg
  artifactKey: Guid(d36d3c50823d53ddc8e6f8dc8a24bdaf) Importer(815301076,1909f56bfc062723c751e8b465ee728b)
Start importing Assets/Audio/SFX_Bounce.ogg using Guid(d36d3c50823d53ddc8e6f8dc8a24bdaf) Importer(815301076,1909f56bfc062723c751e8b465ee728b)  -> (artifact id: 'b71e7255c599228ce40f68c5630f4850') in 0,004644 seconds 
  Import took 0,009699 seconds .

========================================================================
Received Import Request.
  Time since last request: 0,002318 seconds.
  path: Assets/Audio/SFX_Bounce.ogg
  artifactKey: Guid(d36d3c50823d53ddc8e6f8dc8a24bdaf) Importer(815301076,1909f56bfc062723c751e8b465ee728b)
Start importing Assets/Audio/SFX_Bounce.ogg using Guid(d36d3c50823d53ddc8e6f8dc8a24bdaf) Importer(815301076,1909f56bfc062723c751e8b465ee728b)  -> (artifact id: 'b71e7255c599228ce40f68c5630f4850') in 0,004304 seconds 
  Import took 0,008532 seconds .

========================================================================
Received Import Request.
  Time since last request: 37,692948 seconds.
  path: Assets/Sprites/Asset 36.png
  artifactKey: Guid(768b4158bf4cbf8f496a0d2b47298af7) Importer(815301076,1909f56bfc062723c751e8b465ee728b)
Start importing Assets/Sprites/Asset 36.png using Guid(768b4158bf4cbf8f496a0d2b47298af7) Importer(815301076,1909f56bfc062723c751e8b465ee728b)  -> (artifact id: '38b855e7aab1da3fba3a0481d0147079') in 0,028741 seconds 
  Import took 0,033136 seconds .

========================================================================
Received Import Request.
  Time since last request: 11,505824 seconds.
  path: Assets/Fonts/Sofija.ttf
  artifactKey: Guid(5d7ce01de4bef6b8fa68691752d6973d) Importer(815301076,1909f56bfc062723c751e8b465ee728b)
Start importing Assets/Fonts/Sofija.ttf using Guid(5d7ce01de4bef6b8fa68691752d6973d) Importer(815301076,1909f56bfc062723c751e8b465ee728b)  -> (artifact id: 'e0495b4f0b0575847babef2832e1cda1') in 0,027994 seconds 
  Import took 0,032904 seconds .

========================================================================
Received Import Request.
  Time since last request: 8,047929 seconds.
  path: Assets/Sprites/Block Square.png
  artifactKey: Guid(a00fb48f34c19685aa884ff2774f8f79) Importer(815301076,1909f56bfc062723c751e8b465ee728b)
Start importing Assets/Sprites/Block Square.png using Guid(a00fb48f34c19685aa884ff2774f8f79) Importer(815301076,1909f56bfc062723c751e8b465ee728b)  -> (artifact id: 'fece8a6d14cccb13d3d35e75207dea9e') in 0,008609 seconds 
  Import took 0,012638 seconds .

========================================================================
Received Import Request.
  Time since last request: 31,896377 seconds.
  path: Assets/Sprites/Ball.png
  artifactKey: Guid(07ec0f3a0652d4383b5966575252f1ad) Importer(815301076,1909f56bfc062723c751e8b465ee728b)
Start importing Assets/Sprites/Ball.png using Guid(07ec0f3a0652d4383b5966575252f1ad) Importer(815301076,1909f56bfc062723c751e8b465ee728b)  -> (artifact id: '316bb2b1f36c3c3927824cdcd2de1c21') in 0,008757 seconds 
  Import took 0,013210 seconds .

========================================================================
Received Import Request.
  Time since last request: 0,026004 seconds.
  path: Assets/Sprites/Ball.png
  artifactKey: Guid(07ec0f3a0652d4383b5966575252f1ad) Importer(815301076,1909f56bfc062723c751e8b465ee728b)
Start importing Assets/Sprites/Ball.png using Guid(07ec0f3a0652d4383b5966575252f1ad) Importer(815301076,1909f56bfc062723c751e8b465ee728b)  -> (artifact id: '316bb2b1f36c3c3927824cdcd2de1c21') in 0,007138 seconds 
  Import took 0,013034 seconds .

========================================================================
Received Prepare
Registering precompiled user dll's ...
Registered in 0,003296 seconds.
Begin MonoManager ReloadAssembly
Native extension for LinuxStandalone target not found
Native extension for WebGL target not found
Refreshing native plugins compatible for Editor in 0,54 ms, found 1 plugins.
Preloading 0 native plugins for Editor in 0,00 ms.
Mono: successfully reloaded assembly
- Completed reload, in  1,195 seconds
Platform modules already initialized, skipping
Refreshing native plugins compatible for Editor in 0,51 ms, found 1 plugins.
Preloading 0 native plugins for Editor in 0,00 ms.
Unloading 2094 Unused Serialized files (Serialized files now loaded: 0)
System memory in use before: 90,1 MB.
System memory in use after: 90,0 MB.

Unloading 21 unused Assets to reduce memory usage. Loaded Objects now: 2606.
Total: 4,311726 ms (FindLiveObjects: 0,305118 ms CreateObjectMapping: 0,197480 ms MarkObjects: 3,544375 ms  DeleteObjects: 0,263396 ms)

AssetImportParameters requested are different than current active one (requested -> active):
  custom:video-decoder-ogg-theora: a1e56fd34408186e4bbccfd4996cb3dc -> 
  custom:container-muxer-webm: aa71ff27fc2769a1b78a27578f13a17b -> 
  custom:container-demuxer-webm: 4f35f7cbe854078d1ac9338744f61a02 -> 
  custom:container-demuxer-ogg: 62fdf1f143b41e24485cea50d1cbac27 -> 
  custom:video-encoder-webm-vp8: eb34c28f22e8b96e1ab97ce403110664 -> 
  custom:video-decoder-webm-vp8: 9c59270c3fd7afecdb556c50c9e8de78 -> 
  custom:audio-decoder-ogg-vorbis: bf7c407c2cedff20999df2af8eb42d56 -> 
  custom:audio-encoder-webm-vorbis: bf7c407c2cedff20999df2af8eb42d56 -> 
========================================================================
Received Import Request.
  Time since last request: 19,748050 seconds.
  path: Assets/Prefabs/Ball.prefab
  artifactKey: Guid(db16b77934723a544a62d065161a481e) Importer(815301076,1909f56bfc062723c751e8b465ee728b)
Start importing Assets/Prefabs/Ball.prefab using Guid(db16b77934723a544a62d065161a481e) Importer(815301076,1909f56bfc062723c751e8b465ee728b)  -> (artifact id: '0934e50941f1ab517c4744b682b1b851') in 0,056280 seconds 
  Import took 0,060821 seconds .

========================================================================
Received Import Request.
  Time since last request: 0,001316 seconds.
  path: Assets/Prefabs/Ball.prefab
  artifactKey: Guid(db16b77934723a544a62d065161a481e) Importer(815301076,1909f56bfc062723c751e8b465ee728b)
Start importing Assets/Prefabs/Ball.prefab using Guid(db16b77934723a544a62d065161a481e) Importer(815301076,1909f56bfc062723c751e8b465ee728b)  -> (artifact id: '0934e50941f1ab517c4744b682b1b851') in 0,007184 seconds 
  Import took 0,011768 seconds .

========================================================================
Received Import Request.
  Time since last request: 0,387734 seconds.
  path: Assets/Prefabs/Ball.prefab
  artifactKey: Guid(db16b77934723a544a62d065161a481e) Importer(815301076,1909f56bfc062723c751e8b465ee728b)
Start importing Assets/Prefabs/Ball.prefab using Guid(db16b77934723a544a62d065161a481e) Importer(815301076,1909f56bfc062723c751e8b465ee728b)  -> (artifact id: 'c45d4587c9cfccab31c3b52e42c06696') in 0,007123 seconds 
  Import took 0,011209 seconds .

========================================================================
Received Import Request.
  Time since last request: 2,026382 seconds.
  path: Assets/Prefabs/Ball.prefab
  artifactKey: Guid(db16b77934723a544a62d065161a481e) Importer(815301076,1909f56bfc062723c751e8b465ee728b)
Start importing Assets/Prefabs/Ball.prefab using Guid(db16b77934723a544a62d065161a481e) Importer(815301076,1909f56bfc062723c751e8b465ee728b)  -> (artifact id: '7be382f92a4be2a90872a1bc9e495c14') in 0,007289 seconds 
  Import took 0,011474 seconds .

========================================================================
Received Import Request.
  Time since last request: 1,621604 seconds.
  path: Assets/Prefabs/Ball.prefab
  artifactKey: Guid(db16b77934723a544a62d065161a481e) Importer(815301076,1909f56bfc062723c751e8b465ee728b)
Start importing Assets/Prefabs/Ball.prefab using Guid(db16b77934723a544a62d065161a481e) Importer(815301076,1909f56bfc062723c751e8b465ee728b)  -> (artifact id: '3eec22e23c15dd8cb5a9bdf827706517') in 0,007227 seconds 
  Import took 0,011998 seconds .

========================================================================
Received Import Request.
  Time since last request: 7,766604 seconds.
  path: Assets/Sprites/Asset 37.png
  artifactKey: Guid(66acf5f5a6105a97c8ae07e448ae0757) Importer(815301076,1909f56bfc062723c751e8b465ee728b)
Start importing Assets/Sprites/Asset 37.png using Guid(66acf5f5a6105a97c8ae07e448ae0757) Importer(815301076,1909f56bfc062723c751e8b465ee728b)  -> (artifact id: 'f2d0c087ab0f5ade134a34c393f8dc2f') in 0,024785 seconds 
  Import took 0,029292 seconds .

========================================================================
Received Import Request.
  Time since last request: 0,000181 seconds.
  path: Assets/Sprites/Asset 38.png
  artifactKey: Guid(6b21dd4d617f22584bd4bcc43eaad1eb) Importer(815301076,1909f56bfc062723c751e8b465ee728b)
Start importing Assets/Sprites/Asset 38.png using Guid(6b21dd4d617f22584bd4bcc43eaad1eb) Importer(815301076,1909f56bfc062723c751e8b465ee728b)  -> (artifact id: '5d4decee8ff1fe3d8b981037358f13a9') in 0,008621 seconds 
  Import took 0,012831 seconds .

========================================================================
Received Import Request.
  Time since last request: 0,002490 seconds.
  path: Assets/Sprites/Background.png
  artifactKey: Guid(85c6f3447b5927aac8d2dc089f541088) Importer(815301076,1909f56bfc062723c751e8b465ee728b)
Start importing Assets/Sprites/Background.png using Guid(85c6f3447b5927aac8d2dc089f541088) Importer(815301076,1909f56bfc062723c751e8b465ee728b)  -> (artifact id: '671dbbc71a199f4da15e4df4277f767b') in 0,008350 seconds 
  Import took 0,013338 seconds .

========================================================================
Received Import Request.
  Time since last request: 0,000156 seconds.
  path: Assets/Sprites/Block Broken 1.png
  artifactKey: Guid(853f9bffaefa53512bb6fb45d4a5aa77) Importer(815301076,1909f56bfc062723c751e8b465ee728b)
Start importing Assets/Sprites/Block Broken 1.png using Guid(853f9bffaefa53512bb6fb45d4a5aa77) Importer(815301076,1909f56bfc062723c751e8b465ee728b)  -> (artifact id: '203344a081fde60943136c7a64b44776') in 0,010006 seconds 
  Import took 0,014488 seconds .

========================================================================
Received Import Request.
  Time since last request: 0,000151 seconds.
  path: Assets/Sprites/Block Broken 2.png
  artifactKey: Guid(3d449b74139fb4ff19df4005eadb9557) Importer(815301076,1909f56bfc062723c751e8b465ee728b)
Start importing Assets/Sprites/Block Broken 2.png using Guid(3d449b74139fb4ff19df4005eadb9557) Importer(815301076,1909f56bfc062723c751e8b465ee728b)  -> (artifact id: 'e4986d516a106da14640d7ef0a36118f') in 0,006563 seconds 
  Import took 0,011193 seconds .

========================================================================
Received Import Request.
  Time since last request: 0,000152 seconds.
  path: Assets/Sprites/Paddle.png
  artifactKey: Guid(1c6155f60eb81273b8bac57285a703f3) Importer(815301076,1909f56bfc062723c751e8b465ee728b)
Start importing Assets/Sprites/Paddle.png using Guid(1c6155f60eb81273b8bac57285a703f3) Importer(815301076,1909f56bfc062723c751e8b465ee728b)  -> (artifact id: '5b90366b7df68b0dd808236a0c2e7b51') in 0,004949 seconds 
  Import took 0,009350 seconds .

========================================================================
Received Import Request.
  Time since last request: 0,000168 seconds.
  path: Assets/Sprites/Blue Rocket Background.jpg
  artifactKey: Guid(22d849037740f00248b673ba9196c3bf) Importer(815301076,1909f56bfc062723c751e8b465ee728b)
Start importing Assets/Sprites/Blue Rocket Background.jpg using Guid(22d849037740f00248b673ba9196c3bf) Importer(815301076,1909f56bfc062723c751e8b465ee728b)  -> (artifact id: '198dffc066be5b0f948bf198aaebcd8c') in 0,008246 seconds 
  Import took 0,012332 seconds .

========================================================================
Received Import Request.
  Time since last request: 8,638891 seconds.
  path: Assets/Prefabs/BreakableBlock.prefab
  artifactKey: Guid(184b418e317457ccfa9b3bc413da193b) Importer(815301076,1909f56bfc062723c751e8b465ee728b)
Start importing Assets/Prefabs/BreakableBlock.prefab using Guid(184b418e317457ccfa9b3bc413da193b) Importer(815301076,1909f56bfc062723c751e8b465ee728b)  -> (artifact id: 'a63e67032e48c7f44db92c06c108be94') in 0,010750 seconds 
  Import took 0,015457 seconds .

========================================================================
Received Import Request.
  Time since last request: 8,225378 seconds.
  path: Assets/Prefabs/TwoHitBlock.prefab
  artifactKey: Guid(11f5e3ae2d69286b08b3559ccc2220d4) Importer(815301076,1909f56bfc062723c751e8b465ee728b)
Start importing Assets/Prefabs/TwoHitBlock.prefab using Guid(11f5e3ae2d69286b08b3559ccc2220d4) Importer(815301076,1909f56bfc062723c751e8b465ee728b)  -> (artifact id: 'b3b30b17cff0476fa3f2b94ae462c330') in 0,007892 seconds 
  Import took 0,012666 seconds .

========================================================================
Received Prepare
Registering precompiled user dll's ...
Registered in 0,003162 seconds.
Begin MonoManager ReloadAssembly
Native extension for LinuxStandalone target not found
Native extension for WebGL target not found
Refreshing native plugins compatible for Editor in 0,48 ms, found 1 plugins.
Preloading 0 native plugins for Editor in 0,00 ms.
Mono: successfully reloaded assembly
- Completed reload, in  1,186 seconds
Platform modules already initialized, skipping
Refreshing native plugins compatible for Editor in 0,46 ms, found 1 plugins.
Preloading 0 native plugins for Editor in 0,00 ms.
Unloading 2094 Unused Serialized files (Serialized files now loaded: 0)
System memory in use before: 90,1 MB.
System memory in use after: 90,1 MB.

Unloading 21 unused Assets to reduce memory usage. Loaded Objects now: 2617.
Total: 4,228915 ms (FindLiveObjects: 0,355004 ms CreateObjectMapping: 0,210453 ms MarkObjects: 3,486166 ms  DeleteObjects: 0,175458 ms)

AssetImportParameters requested are different than current active one (requested -> active):
  custom:video-decoder-ogg-theora: a1e56fd34408186e4bbccfd4996cb3dc -> 
  custom:container-muxer-webm: aa71ff27fc2769a1b78a27578f13a17b -> 
  custom:container-demuxer-webm: 4f35f7cbe854078d1ac9338744f61a02 -> 
  custom:container-demuxer-ogg: 62fdf1f143b41e24485cea50d1cbac27 -> 
  custom:video-encoder-webm-vp8: eb34c28f22e8b96e1ab97ce403110664 -> 
  custom:video-decoder-webm-vp8: 9c59270c3fd7afecdb556c50c9e8de78 -> 
  custom:audio-decoder-ogg-vorbis: bf7c407c2cedff20999df2af8eb42d56 -> 
  custom:audio-encoder-webm-vorbis: bf7c407c2cedff20999df2af8eb42d56 -> 
========================================================================
Received Prepare
Refreshing native plugins compatible for Editor in 3,67 ms, found 1 plugins.
Preloading 0 native plugins for Editor in 0,00 ms.
Unloading 19 Unused Serialized files (Serialized files now loaded: 0)
System memory in use before: 48,9 MB.
System memory in use after: 48,9 MB.

Unloading 19 unused Assets to reduce memory usage. Loaded Objects now: 2617.
Total: 3,361705 ms (FindLiveObjects: 0,257315 ms CreateObjectMapping: 0,077590 ms MarkObjects: 2,851212 ms  DeleteObjects: 0,174565 ms)

AssetImportParameters requested are different than current active one (requested -> active):
  custom:video-decoder-ogg-theora: a1e56fd34408186e4bbccfd4996cb3dc -> 
  custom:container-muxer-webm: aa71ff27fc2769a1b78a27578f13a17b -> 
  custom:container-demuxer-webm: 4f35f7cbe854078d1ac9338744f61a02 -> 
  custom:container-demuxer-ogg: 62fdf1f143b41e24485cea50d1cbac27 -> 
  custom:video-encoder-webm-vp8: eb34c28f22e8b96e1ab97ce403110664 -> 
  custom:video-decoder-webm-vp8: 9c59270c3fd7afecdb556c50c9e8de78 -> 
  custom:audio-decoder-ogg-vorbis: bf7c407c2cedff20999df2af8eb42d56 -> 
  custom:audio-encoder-webm-vorbis: bf7c407c2cedff20999df2af8eb42d56 -> 
========================================================================
Received Import Request.
  Time since last request: 296,216277 seconds.
  path: Assets/Scenes/Level 1.unity
  artifactKey: Guid(c5d0af58adafe547ba4fabba40f12bf3) Importer(815301076,1909f56bfc062723c751e8b465ee728b)
Start importing Assets/Scenes/Level 1.unity using Guid(c5d0af58adafe547ba4fabba40f12bf3) Importer(815301076,1909f56bfc062723c751e8b465ee728b)  -> (artifact id: '0cb91ac86129a4e874bf0fc45d910d0c') in 0,009643 seconds 
  Import took 0,014096 seconds .

========================================================================
Received Import Request.
  Time since last request: 0,006897 seconds.
  path: Assets/Scenes/Level 1.unity
  artifactKey: Guid(c5d0af58adafe547ba4fabba40f12bf3) Importer(815301076,1909f56bfc062723c751e8b465ee728b)
Start importing Assets/Scenes/Level 1.unity using Guid(c5d0af58adafe547ba4fabba40f12bf3) Importer(815301076,1909f56bfc062723c751e8b465ee728b)  -> (artifact id: '0cb91ac86129a4e874bf0fc45d910d0c') in 0,000993 seconds 
  Import took 0,004953 seconds .

========================================================================
Received Prepare
Registering precompiled user dll's ...
Registered in 0,003208 seconds.
Begin MonoManager ReloadAssembly
Native extension for LinuxStandalone target not found
Native extension for WebGL target not found
Refreshing native plugins compatible for Editor in 0,50 ms, found 1 plugins.
Preloading 0 native plugins for Editor in 0,00 ms.
Mono: successfully reloaded assembly
- Completed reload, in  1,167 seconds
Platform modules already initialized, skipping
Refreshing native plugins compatible for Editor in 0,45 ms, found 1 plugins.
Preloading 0 native plugins for Editor in 0,00 ms.
Unloading 2094 Unused Serialized files (Serialized files now loaded: 0)
System memory in use before: 90,1 MB.
System memory in use after: 90,1 MB.

Unloading 21 unused Assets to reduce memory usage. Loaded Objects now: 2621.
Total: 5,221391 ms (FindLiveObjects: 0,238438 ms CreateObjectMapping: 0,087826 ms MarkObjects: 4,720511 ms  DeleteObjects: 0,172543 ms)

AssetImportParameters requested are different than current active one (requested -> active):
  custom:video-decoder-ogg-theora: a1e56fd34408186e4bbccfd4996cb3dc -> 
  custom:container-muxer-webm: aa71ff27fc2769a1b78a27578f13a17b -> 
  custom:container-demuxer-webm: 4f35f7cbe854078d1ac9338744f61a02 -> 
  custom:container-demuxer-ogg: 62fdf1f143b41e24485cea50d1cbac27 -> 
  custom:video-encoder-webm-vp8: eb34c28f22e8b96e1ab97ce403110664 -> 
  custom:video-decoder-webm-vp8: 9c59270c3fd7afecdb556c50c9e8de78 -> 
  custom:audio-decoder-ogg-vorbis: bf7c407c2cedff20999df2af8eb42d56 -> 
  custom:audio-encoder-webm-vorbis: bf7c407c2cedff20999df2af8eb42d56 -> 
========================================================================
Received Prepare
Registering precompiled user dll's ...
Registered in 0,003281 seconds.
Begin MonoManager ReloadAssembly
Native extension for LinuxStandalone target not found
Native extension for WebGL target not found
Refreshing native plugins compatible for Editor in 0,45 ms, found 1 plugins.
Preloading 0 native plugins for Editor in 0,00 ms.
Mono: successfully reloaded assembly
- Completed reload, in  1,169 seconds
Platform modules already initialized, skipping
Refreshing native plugins compatible for Editor in 0,48 ms, found 1 plugins.
Preloading 0 native plugins for Editor in 0,00 ms.
Unloading 2094 Unused Serialized files (Serialized files now loaded: 0)
System memory in use before: 90,2 MB.
System memory in use after: 90,1 MB.

Unloading 21 unused Assets to reduce memory usage. Loaded Objects now: 2625.
Total: 3,681025 ms (FindLiveObjects: 0,279331 ms CreateObjectMapping: 0,082011 ms MarkObjects: 3,112638 ms  DeleteObjects: 0,204945 ms)

AssetImportParameters requested are different than current active one (requested -> active):
  custom:video-decoder-ogg-theora: a1e56fd34408186e4bbccfd4996cb3dc -> 
  custom:container-muxer-webm: aa71ff27fc2769a1b78a27578f13a17b -> 
  custom:container-demuxer-webm: 4f35f7cbe854078d1ac9338744f61a02 -> 
  custom:container-demuxer-ogg: 62fdf1f143b41e24485cea50d1cbac27 -> 
  custom:video-encoder-webm-vp8: eb34c28f22e8b96e1ab97ce403110664 -> 
  custom:video-decoder-webm-vp8: 9c59270c3fd7afecdb556c50c9e8de78 -> 
  custom:audio-decoder-ogg-vorbis: bf7c407c2cedff20999df2af8eb42d56 -> 
  custom:audio-encoder-webm-vorbis: bf7c407c2cedff20999df2af8eb42d56 -> 
========================================================================
Received Prepare
Registering precompiled user dll's ...
Registered in 0,003524 seconds.
Begin MonoManager ReloadAssembly
Native extension for LinuxStandalone target not found
Native extension for WebGL target not found
Refreshing native plugins compatible for Editor in 0,52 ms, found 1 plugins.
Preloading 0 native plugins for Editor in 0,00 ms.
Mono: successfully reloaded assembly
- Completed reload, in  1,204 seconds
Platform modules already initialized, skipping
Refreshing native plugins compatible for Editor in 0,53 ms, found 1 plugins.
Preloading 0 native plugins for Editor in 0,00 ms.
Unloading 2094 Unused Serialized files (Serialized files now loaded: 0)
System memory in use before: 90,2 MB.
System memory in use after: 90,1 MB.

Unloading 21 unused Assets to reduce memory usage. Loaded Objects now: 2629.
Total: 3,756549 ms (FindLiveObjects: 0,246375 ms CreateObjectMapping: 0,085562 ms MarkObjects: 3,202069 ms  DeleteObjects: 0,220694 ms)

AssetImportParameters requested are different than current active one (requested -> active):
  custom:video-decoder-ogg-theora: a1e56fd34408186e4bbccfd4996cb3dc -> 
  custom:container-muxer-webm: aa71ff27fc2769a1b78a27578f13a17b -> 
  custom:container-demuxer-webm: 4f35f7cbe854078d1ac9338744f61a02 -> 
  custom:container-demuxer-ogg: 62fdf1f143b41e24485cea50d1cbac27 -> 
  custom:video-encoder-webm-vp8: eb34c28f22e8b96e1ab97ce403110664 -> 
  custom:video-decoder-webm-vp8: 9c59270c3fd7afecdb556c50c9e8de78 -> 
  custom:audio-decoder-ogg-vorbis: bf7c407c2cedff20999df2af8eb42d56 -> 
  custom:audio-encoder-webm-vorbis: bf7c407c2cedff20999df2af8eb42d56 -> 
========================================================================
Received Prepare
Refreshing native plugins compatible for Editor in 3,68 ms, found 1 plugins.
Preloading 0 native plugins for Editor in 0,00 ms.
Unloading 19 Unused Serialized files (Serialized files now loaded: 0)
System memory in use before: 49,0 MB.
System memory in use after: 48,9 MB.

Unloading 19 unused Assets to reduce memory usage. Loaded Objects now: 2629.
Total: 3,417261 ms (FindLiveObjects: 0,246444 ms CreateObjectMapping: 0,091327 ms MarkObjects: 2,908408 ms  DeleteObjects: 0,170199 ms)

AssetImportParameters requested are different than current active one (requested -> active):
  custom:video-decoder-ogg-theora: a1e56fd34408186e4bbccfd4996cb3dc -> 
  custom:container-muxer-webm: aa71ff27fc2769a1b78a27578f13a17b -> 
  custom:container-demuxer-webm: 4f35f7cbe854078d1ac9338744f61a02 -> 
  custom:container-demuxer-ogg: 62fdf1f143b41e24485cea50d1cbac27 -> 
  custom:video-encoder-webm-vp8: eb34c28f22e8b96e1ab97ce403110664 -> 
  custom:video-decoder-webm-vp8: 9c59270c3fd7afecdb556c50c9e8de78 -> 
  custom:audio-decoder-ogg-vorbis: bf7c407c2cedff20999df2af8eb42d56 -> 
  custom:audio-encoder-webm-vorbis: bf7c407c2cedff20999df2af8eb42d56 -> 
========================================================================
Received Import Request.
  Time since last request: 325,070405 seconds.
  path: Assets/Scenes/Level 1.unity
  artifactKey: Guid(c5d0af58adafe547ba4fabba40f12bf3) Importer(815301076,1909f56bfc062723c751e8b465ee728b)
Start importing Assets/Scenes/Level 1.unity using Guid(c5d0af58adafe547ba4fabba40f12bf3) Importer(815301076,1909f56bfc062723c751e8b465ee728b)  -> (artifact id: 'e8d684d548c0c146cb4f0b419f473c47') in 0,010553 seconds 
  Import took 0,014632 seconds .

========================================================================
Received Import Request.
  Time since last request: 49,647353 seconds.
  path: Assets/Scenes/StartMenu.unity
  artifactKey: Guid(7b4bcd47bc7fc579b9338af826e1f4bf) Importer(815301076,1909f56bfc062723c751e8b465ee728b)
Start importing Assets/Scenes/StartMenu.unity using Guid(7b4bcd47bc7fc579b9338af826e1f4bf) Importer(815301076,1909f56bfc062723c751e8b465ee728b)  -> (artifact id: '8cf1dac4b1937a46d6f91bd6d10dd7be') in 0,001360 seconds 
  Import took 0,005502 seconds .

========================================================================
Received Import Request.
  Time since last request: 7,025606 seconds.
  path: Assets/Scenes/GameOver.unity
  artifactKey: Guid(8a3f1e8155c1d5b9b94c97120769adea) Importer(815301076,1909f56bfc062723c751e8b465ee728b)
Start importing Assets/Scenes/GameOver.unity using Guid(8a3f1e8155c1d5b9b94c97120769adea) Importer(815301076,1909f56bfc062723c751e8b465ee728b)  -> (artifact id: '6ba53250ab346a55cd161ad83e20b84c') in 0,002077 seconds 
  Import took 0,007743 seconds .

========================================================================
Received Prepare
Refreshing native plugins compatible for Editor in 3,79 ms, found 1 plugins.
Preloading 0 native plugins for Editor in 0,00 ms.
Unloading 19 Unused Serialized files (Serialized files now loaded: 0)
System memory in use before: 49,0 MB.
System memory in use after: 49,0 MB.

Unloading 19 unused Assets to reduce memory usage. Loaded Objects now: 2629.
Total: 4,075877 ms (FindLiveObjects: 0,312373 ms CreateObjectMapping: 0,246437 ms MarkObjects: 3,328889 ms  DeleteObjects: 0,187029 ms)

AssetImportParameters requested are different than current active one (requested -> active):
  custom:video-decoder-ogg-theora: a1e56fd34408186e4bbccfd4996cb3dc -> 
  custom:container-muxer-webm: aa71ff27fc2769a1b78a27578f13a17b -> 
  custom:container-demuxer-webm: 4f35f7cbe854078d1ac9338744f61a02 -> 
  custom:container-demuxer-ogg: 62fdf1f143b41e24485cea50d1cbac27 -> 
  custom:video-encoder-webm-vp8: eb34c28f22e8b96e1ab97ce403110664 -> 
  custom:video-decoder-webm-vp8: 9c59270c3fd7afecdb556c50c9e8de78 -> 
  custom:audio-decoder-ogg-vorbis: bf7c407c2cedff20999df2af8eb42d56 -> 
  custom:audio-encoder-webm-vorbis: bf7c407c2cedff20999df2af8eb42d56 -> 
========================================================================
Received Import Request.
  Time since last request: 255,571021 seconds.
  path: Assets/Scenes/Level 1.unity
  artifactKey: Guid(c5d0af58adafe547ba4fabba40f12bf3) Importer(815301076,1909f56bfc062723c751e8b465ee728b)
Start importing Assets/Scenes/Level 1.unity using Guid(c5d0af58adafe547ba4fabba40f12bf3) Importer(815301076,1909f56bfc062723c751e8b465ee728b)  -> (artifact id: 'a20752da7bd2598a38517ad459819d0a') in 0,001191 seconds 
  Import took 0,005247 seconds .

========================================================================
Received Prepare
Registering precompiled user dll's ...
Registered in 0,003167 seconds.
Begin MonoManager ReloadAssembly
Native extension for LinuxStandalone target not found
Native extension for WebGL target not found
Refreshing native plugins compatible for Editor in 0,50 ms, found 1 plugins.
Preloading 0 native plugins for Editor in 0,00 ms.
Mono: successfully reloaded assembly
- Completed reload, in  1,144 seconds
Platform modules already initialized, skipping
Refreshing native plugins compatible for Editor in 0,47 ms, found 1 plugins.
Preloading 0 native plugins for Editor in 0,00 ms.
Unloading 2094 Unused Serialized files (Serialized files now loaded: 0)
System memory in use before: 90,2 MB.
System memory in use after: 90,2 MB.

Unloading 21 unused Assets to reduce memory usage. Loaded Objects now: 2633.
Total: 3,691330 ms (FindLiveObjects: 0,330954 ms CreateObjectMapping: 0,087863 ms MarkObjects: 3,066834 ms  DeleteObjects: 0,204297 ms)

AssetImportParameters requested are different than current active one (requested -> active):
  custom:video-decoder-ogg-theora: a1e56fd34408186e4bbccfd4996cb3dc -> 
  custom:container-muxer-webm: aa71ff27fc2769a1b78a27578f13a17b -> 
  custom:container-demuxer-webm: 4f35f7cbe854078d1ac9338744f61a02 -> 
  custom:container-demuxer-ogg: 62fdf1f143b41e24485cea50d1cbac27 -> 
  custom:video-encoder-webm-vp8: eb34c28f22e8b96e1ab97ce403110664 -> 
  custom:video-decoder-webm-vp8: 9c59270c3fd7afecdb556c50c9e8de78 -> 
  custom:audio-decoder-ogg-vorbis: bf7c407c2cedff20999df2af8eb42d56 -> 
  custom:audio-encoder-webm-vorbis: bf7c407c2cedff20999df2af8eb42d56 -> 
========================================================================
Received Prepare
Registering precompiled user dll's ...
Registered in 0,003149 seconds.
Begin MonoManager ReloadAssembly
Native extension for LinuxStandalone target not found
Native extension for WebGL target not found
Refreshing native plugins compatible for Editor in 0,47 ms, found 1 plugins.
Preloading 0 native plugins for Editor in 0,00 ms.
Mono: successfully reloaded assembly
- Completed reload, in  1,133 seconds
Platform modules already initialized, skipping
Refreshing native plugins compatible for Editor in 0,49 ms, found 1 plugins.
Preloading 0 native plugins for Editor in 0,00 ms.
Unloading 2094 Unused Serialized files (Serialized files now loaded: 0)
System memory in use before: 90,2 MB.
System memory in use after: 90,2 MB.

Unloading 21 unused Assets to reduce memory usage. Loaded Objects now: 2637.
Total: 3,547311 ms (FindLiveObjects: 0,331408 ms CreateObjectMapping: 0,093689 ms MarkObjects: 2,944507 ms  DeleteObjects: 0,175959 ms)

AssetImportParameters requested are different than current active one (requested -> active):
  custom:video-decoder-ogg-theora: a1e56fd34408186e4bbccfd4996cb3dc -> 
  custom:container-muxer-webm: aa71ff27fc2769a1b78a27578f13a17b -> 
  custom:container-demuxer-webm: 4f35f7cbe854078d1ac9338744f61a02 -> 
  custom:container-demuxer-ogg: 62fdf1f143b41e24485cea50d1cbac27 -> 
  custom:video-encoder-webm-vp8: eb34c28f22e8b96e1ab97ce403110664 -> 
  custom:video-decoder-webm-vp8: 9c59270c3fd7afecdb556c50c9e8de78 -> 
  custom:audio-decoder-ogg-vorbis: bf7c407c2cedff20999df2af8eb42d56 -> 
  custom:audio-encoder-webm-vorbis: bf7c407c2cedff20999df2af8eb42d56 -> 
========================================================================
Received Prepare
Registering precompiled user dll's ...
Registered in 0,003243 seconds.
Begin MonoManager ReloadAssembly
Native extension for LinuxStandalone target not found
Native extension for WebGL target not found
Refreshing native plugins compatible for Editor in 0,47 ms, found 1 plugins.
Preloading 0 native plugins for Editor in 0,00 ms.
Mono: successfully reloaded assembly
- Completed reload, in  1,165 seconds
Platform modules already initialized, skipping
Refreshing native plugins compatible for Editor in 0,45 ms, found 1 plugins.
Preloading 0 native plugins for Editor in 0,00 ms.
Unloading 2094 Unused Serialized files (Serialized files now loaded: 0)
System memory in use before: 90,2 MB.
System memory in use after: 90,2 MB.

Unloading 21 unused Assets to reduce memory usage. Loaded Objects now: 2641.
Total: 3,730376 ms (FindLiveObjects: 0,273304 ms CreateObjectMapping: 0,104318 ms MarkObjects: 3,135220 ms  DeleteObjects: 0,215658 ms)

AssetImportParameters requested are different than current active one (requested -> active):
  custom:video-decoder-ogg-theora: a1e56fd34408186e4bbccfd4996cb3dc -> 
  custom:container-muxer-webm: aa71ff27fc2769a1b78a27578f13a17b -> 
  custom:container-demuxer-webm: 4f35f7cbe854078d1ac9338744f61a02 -> 
  custom:container-demuxer-ogg: 62fdf1f143b41e24485cea50d1cbac27 -> 
  custom:video-encoder-webm-vp8: eb34c28f22e8b96e1ab97ce403110664 -> 
  custom:video-decoder-webm-vp8: 9c59270c3fd7afecdb556c50c9e8de78 -> 
  custom:audio-decoder-ogg-vorbis: bf7c407c2cedff20999df2af8eb42d56 -> 
  custom:audio-encoder-webm-vorbis: bf7c407c2cedff20999df2af8eb42d56 -> 
========================================================================
Received Prepare
Registering precompiled user dll's ...
Registered in 0,003159 seconds.
Begin MonoManager ReloadAssembly
Native extension for LinuxStandalone target not found
Native extension for WebGL target not found
Refreshing native plugins compatible for Editor in 0,50 ms, found 1 plugins.
Preloading 0 native plugins for Editor in 0,00 ms.
Mono: successfully reloaded assembly
- Completed reload, in  1,158 seconds
Platform modules already initialized, skipping
Refreshing native plugins compatible for Editor in 0,54 ms, found 1 plugins.
Preloading 0 native plugins for Editor in 0,00 ms.
Unloading 2094 Unused Serialized files (Serialized files now loaded: 0)
System memory in use before: 90,2 MB.
System memory in use after: 90,2 MB.

Unloading 21 unused Assets to reduce memory usage. Loaded Objects now: 2645.
Total: 3,921690 ms (FindLiveObjects: 0,255221 ms CreateObjectMapping: 0,108445 ms MarkObjects: 3,372357 ms  DeleteObjects: 0,183962 ms)

AssetImportParameters requested are different than current active one (requested -> active):
  custom:video-decoder-ogg-theora: a1e56fd34408186e4bbccfd4996cb3dc -> 
  custom:container-muxer-webm: aa71ff27fc2769a1b78a27578f13a17b -> 
  custom:container-demuxer-webm: 4f35f7cbe854078d1ac9338744f61a02 -> 
  custom:container-demuxer-ogg: 62fdf1f143b41e24485cea50d1cbac27 -> 
  custom:video-encoder-webm-vp8: eb34c28f22e8b96e1ab97ce403110664 -> 
  custom:video-decoder-webm-vp8: 9c59270c3fd7afecdb556c50c9e8de78 -> 
  custom:audio-decoder-ogg-vorbis: bf7c407c2cedff20999df2af8eb42d56 -> 
  custom:audio-encoder-webm-vorbis: bf7c407c2cedff20999df2af8eb42d56 -> 
========================================================================
Received Prepare
Refreshing native plugins compatible for Editor in 3,90 ms, found 1 plugins.
Preloading 0 native plugins for Editor in 0,00 ms.
Unloading 19 Unused Serialized files (Serialized files now loaded: 0)
System memory in use before: 49,0 MB.
System memory in use after: 49,0 MB.

Unloading 19 unused Assets to reduce memory usage. Loaded Objects now: 2645.
Total: 3,460942 ms (FindLiveObjects: 0,277682 ms CreateObjectMapping: 0,098482 ms MarkObjects: 2,882838 ms  DeleteObjects: 0,201056 ms)

AssetImportParameters requested are different than current active one (requested -> active):
  custom:video-decoder-ogg-theora: a1e56fd34408186e4bbccfd4996cb3dc -> 
  custom:container-muxer-webm: aa71ff27fc2769a1b78a27578f13a17b -> 
  custom:container-demuxer-webm: 4f35f7cbe854078d1ac9338744f61a02 -> 
  custom:container-demuxer-ogg: 62fdf1f143b41e24485cea50d1cbac27 -> 
  custom:video-encoder-webm-vp8: eb34c28f22e8b96e1ab97ce403110664 -> 
  custom:video-decoder-webm-vp8: 9c59270c3fd7afecdb556c50c9e8de78 -> 
  custom:audio-decoder-ogg-vorbis: bf7c407c2cedff20999df2af8eb42d56 -> 
  custom:audio-encoder-webm-vorbis: bf7c407c2cedff20999df2af8eb42d56 -> 
AssetImportWorkerClient::OnTransportError - code=2 error=End of file
